{"/Users/hoank/Documents/baiTapLan2/src/app.js": {"path":"/Users/hoank/Documents/baiTapLan2/src/app.js","statementMap":{"0":{"start":{"line":1,"column":0},"end":{"line":1,"column":57}},"1":{"start":{"line":2,"column":16},"end":{"line":2,"column":34}},"2":{"start":{"line":4,"column":12},"end":{"line":4,"column":21}},"3":{"start":{"line":5,"column":23},"end":{"line":5,"column":41}},"4":{"start":{"line":6,"column":18},"end":{"line":6,"column":47}},"5":{"start":{"line":7,"column":21},"end":{"line":7,"column":45}},"6":{"start":{"line":8,"column":13},"end":{"line":8,"column":30}},"7":{"start":{"line":9,"column":22},"end":{"line":9,"column":68}},"8":{"start":{"line":10,"column":22},"end":{"line":10,"column":59}},"9":{"start":{"line":11,"column":23},"end":{"line":11,"column":62}},"10":{"start":{"line":12,"column":23},"end":{"line":12,"column":62}},"11":{"start":{"line":13,"column":27},"end":{"line":13,"column":77}},"12":{"start":{"line":14,"column":21},"end":{"line":14,"column":50}},"13":{"start":{"line":15,"column":18},"end":{"line":15,"column":49}},"14":{"start":{"line":17,"column":24},"end":{"line":17,"column":56}},"15":{"start":{"line":36,"column":0},"end":{"line":36,"column":24}},"16":{"start":{"line":37,"column":0},"end":{"line":37,"column":40}},"17":{"start":{"line":38,"column":0},"end":{"line":38,"column":19}},"18":{"start":{"line":39,"column":0},"end":{"line":39,"column":19}},"19":{"start":{"line":40,"column":0},"end":{"line":40,"column":20}},"20":{"start":{"line":41,"column":0},"end":{"line":41,"column":20}},"21":{"start":{"line":42,"column":0},"end":{"line":42,"column":24}},"22":{"start":{"line":45,"column":0},"end":{"line":45,"column":72}},"23":{"start":{"line":47,"column":0},"end":{"line":49,"column":3}},"24":{"start":{"line":48,"column":4},"end":{"line":48,"column":66}},"25":{"start":{"line":51,"column":15},"end":{"line":53,"column":2}},"26":{"start":{"line":52,"column":4},"end":{"line":52,"column":40}},"27":{"start":{"line":55,"column":0},"end":{"line":55,"column":33}}},"fnMap":{"0":{"name":"(anonymous_0)","decl":{"start":{"line":47,"column":8},"end":{"line":47,"column":9}},"loc":{"start":{"line":47,"column":33},"end":{"line":49,"column":1}},"line":47},"1":{"name":"(anonymous_1)","decl":{"start":{"line":51,"column":44},"end":{"line":51,"column":45}},"loc":{"start":{"line":51,"column":50},"end":{"line":53,"column":1}},"line":51}},"branchMap":{},"s":{"0":4,"1":4,"2":4,"3":4,"4":4,"5":4,"6":4,"7":4,"8":4,"9":4,"10":4,"11":4,"12":4,"13":4,"14":4,"15":4,"16":4,"17":4,"18":4,"19":4,"20":4,"21":4,"22":4,"23":4,"24":19,"25":4,"26":4,"27":4},"f":{"0":19,"1":4},"b":{},"_coverageSchema":"1a1c01bbd47fc00a2c39e90264f33305004495a9","hash":"535dfa4bc4a9909df9a920946d992bbee63d1a1d"}
,"/Users/hoank/Documents/baiTapLan2/src/common/createOTP.js": {"path":"/Users/hoank/Documents/baiTapLan2/src/common/createOTP.js","statementMap":{"0":{"start":{"line":2,"column":4},"end":{"line":2,"column":66}},"1":{"start":{"line":4,"column":0},"end":{"line":4,"column":31}}},"fnMap":{"0":{"name":"randomOTP","decl":{"start":{"line":1,"column":9},"end":{"line":1,"column":18}},"loc":{"start":{"line":1,"column":21},"end":{"line":3,"column":1}},"line":1}},"branchMap":{},"s":{"0":0,"1":6},"f":{"0":0},"b":{},"_coverageSchema":"1a1c01bbd47fc00a2c39e90264f33305004495a9","hash":"0e2a109aad14c0b761c8a3d6fba5b824cec19b99"}
,"/Users/hoank/Documents/baiTapLan2/src/configs/database.js": {"path":"/Users/hoank/Documents/baiTapLan2/src/configs/database.js","statementMap":{"0":{"start":{"line":1,"column":17},"end":{"line":1,"column":36}},"1":{"start":{"line":3,"column":0},"end":{"line":9,"column":38}},"2":{"start":{"line":9,"column":20},"end":{"line":9,"column":36}},"3":{"start":{"line":11,"column":0},"end":{"line":11,"column":30}}},"fnMap":{"0":{"name":"(anonymous_0)","decl":{"start":{"line":9,"column":11},"end":{"line":9,"column":12}},"loc":{"start":{"line":9,"column":20},"end":{"line":9,"column":36}},"line":9}},"branchMap":{},"s":{"0":4,"1":4,"2":0,"3":4},"f":{"0":0},"b":{},"_coverageSchema":"1a1c01bbd47fc00a2c39e90264f33305004495a9","hash":"492998b3c352605a9f33ad1dfcd68dbb8a614490"}
,"/Users/hoank/Documents/baiTapLan2/src/errors/error-handling.js": {"path":"/Users/hoank/Documents/baiTapLan2/src/errors/error-handling.js","statementMap":{"0":{"start":{"line":7,"column":8},"end":{"line":7,"column":16}},"1":{"start":{"line":8,"column":8},"end":{"line":8,"column":35}},"2":{"start":{"line":9,"column":8},"end":{"line":9,"column":41}},"3":{"start":{"line":13,"column":0},"end":{"line":13,"column":35}}},"fnMap":{"0":{"name":"(anonymous_0)","decl":{"start":{"line":6,"column":4},"end":{"line":6,"column":5}},"loc":{"start":{"line":6,"column":41},"end":{"line":10,"column":5}},"line":6}},"branchMap":{},"s":{"0":4,"1":4,"2":4,"3":13},"f":{"0":4},"b":{},"_coverageSchema":"1a1c01bbd47fc00a2c39e90264f33305004495a9","hash":"a7a6d395364c8b1159b4cd653f14e67440c12e2c"}
,"/Users/hoank/Documents/baiTapLan2/src/helpers/helper.jwt.js": {"path":"/Users/hoank/Documents/baiTapLan2/src/helpers/helper.jwt.js","statementMap":{"0":{"start":{"line":1,"column":12},"end":{"line":1,"column":35}},"1":{"start":{"line":4,"column":4},"end":{"line":4,"column":53}},"2":{"start":{"line":8,"column":4},"end":{"line":8,"column":29}},"3":{"start":{"line":11,"column":0},"end":{"line":14,"column":2}}},"fnMap":{"0":{"name":"verifyAccessToken","decl":{"start":{"line":3,"column":9},"end":{"line":3,"column":26}},"loc":{"start":{"line":3,"column":34},"end":{"line":5,"column":1}},"line":3},"1":{"name":"decodeAccessToken","decl":{"start":{"line":7,"column":9},"end":{"line":7,"column":26}},"loc":{"start":{"line":7,"column":34},"end":{"line":9,"column":1}},"line":7}},"branchMap":{},"s":{"0":7,"1":0,"2":0,"3":7},"f":{"0":0,"1":0},"b":{},"_coverageSchema":"1a1c01bbd47fc00a2c39e90264f33305004495a9","hash":"990983ee91468d0b0d46bf0539a6a66fa232024f"}
,"/Users/hoank/Documents/baiTapLan2/src/helpers/helper.middleware.js": {"path":"/Users/hoank/Documents/baiTapLan2/src/helpers/helper.middleware.js","statementMap":{"0":{"start":{"line":1,"column":18},"end":{"line":1,"column":41}},"1":{"start":{"line":2,"column":26},"end":{"line":2,"column":61}},"2":{"start":{"line":3,"column":17},"end":{"line":3,"column":60}},"3":{"start":{"line":5,"column":25},"end":{"line":28,"column":1}},"4":{"start":{"line":6,"column":4},"end":{"line":27,"column":5}},"5":{"start":{"line":7,"column":28},"end":{"line":7,"column":64}},"6":{"start":{"line":8,"column":8},"end":{"line":10,"column":9}},"7":{"start":{"line":9,"column":12},"end":{"line":9,"column":73}},"8":{"start":{"line":11,"column":8},"end":{"line":13,"column":9}},"9":{"start":{"line":12,"column":12},"end":{"line":12,"column":76}},"10":{"start":{"line":14,"column":24},"end":{"line":14,"column":67}},"11":{"start":{"line":15,"column":8},"end":{"line":15,"column":50}},"12":{"start":{"line":16,"column":21},"end":{"line":16,"column":67}},"13":{"start":{"line":17,"column":8},"end":{"line":19,"column":9}},"14":{"start":{"line":18,"column":12},"end":{"line":18,"column":81}},"15":{"start":{"line":20,"column":8},"end":{"line":20,"column":15}},"16":{"start":{"line":22,"column":8},"end":{"line":26,"column":9}},"17":{"start":{"line":23,"column":12},"end":{"line":23,"column":24}},"18":{"start":{"line":25,"column":12},"end":{"line":25,"column":73}},"19":{"start":{"line":30,"column":0},"end":{"line":32,"column":2}}},"fnMap":{"0":{"name":"(anonymous_0)","decl":{"start":{"line":5,"column":25},"end":{"line":5,"column":26}},"loc":{"start":{"line":5,"column":51},"end":{"line":28,"column":1}},"line":5}},"branchMap":{"0":{"loc":{"start":{"line":8,"column":8},"end":{"line":10,"column":9}},"type":"if","locations":[{"start":{"line":8,"column":8},"end":{"line":10,"column":9}},{"start":{},"end":{}}],"line":8},"1":{"loc":{"start":{"line":11,"column":8},"end":{"line":13,"column":9}},"type":"if","locations":[{"start":{"line":11,"column":8},"end":{"line":13,"column":9}},{"start":{},"end":{}}],"line":11},"2":{"loc":{"start":{"line":17,"column":8},"end":{"line":19,"column":9}},"type":"if","locations":[{"start":{"line":17,"column":8},"end":{"line":19,"column":9}},{"start":{},"end":{}}],"line":17},"3":{"loc":{"start":{"line":22,"column":8},"end":{"line":26,"column":9}},"type":"if","locations":[{"start":{"line":22,"column":8},"end":{"line":26,"column":9}},{"start":{"line":24,"column":15},"end":{"line":26,"column":9}}],"line":22}},"s":{"0":4,"1":4,"2":4,"3":4,"4":0,"5":0,"6":0,"7":0,"8":0,"9":0,"10":0,"11":0,"12":0,"13":0,"14":0,"15":0,"16":0,"17":0,"18":0,"19":4},"f":{"0":0},"b":{"0":[0,0],"1":[0,0],"2":[0,0],"3":[0,0]},"_coverageSchema":"1a1c01bbd47fc00a2c39e90264f33305004495a9","hash":"e6452c747b5c2b302d0ee15fd39dd6b81e341c0c"}
,"/Users/hoank/Documents/baiTapLan2/src/helpers/helper.sendMail.js": {"path":"/Users/hoank/Documents/baiTapLan2/src/helpers/helper.sendMail.js","statementMap":{"0":{"start":{"line":1,"column":19},"end":{"line":1,"column":40}},"1":{"start":{"line":2,"column":18},"end":{"line":2,"column":48}},"2":{"start":{"line":3,"column":17},"end":{"line":3,"column":60}},"3":{"start":{"line":6,"column":4},"end":{"line":6,"column":41}},"4":{"start":{"line":7,"column":23},"end":{"line":15,"column":5}},"5":{"start":{"line":16,"column":24},"end":{"line":16,"column":62}},"6":{"start":{"line":17,"column":16},"end":{"line":17,"column":37}},"7":{"start":{"line":18,"column":4},"end":{"line":18,"column":73}},"8":{"start":{"line":19,"column":17},"end":{"line":19,"column":45}},"9":{"start":{"line":20,"column":4},"end":{"line":25,"column":7}},"10":{"start":{"line":28,"column":0},"end":{"line":30,"column":2}}},"fnMap":{"0":{"name":"sendMail","decl":{"start":{"line":5,"column":15},"end":{"line":5,"column":23}},"loc":{"start":{"line":5,"column":41},"end":{"line":26,"column":1}},"line":5}},"branchMap":{},"s":{"0":6,"1":6,"2":6,"3":0,"4":0,"5":0,"6":0,"7":0,"8":0,"9":0,"10":6},"f":{"0":0},"b":{},"_coverageSchema":"1a1c01bbd47fc00a2c39e90264f33305004495a9","hash":"b10e26c865d991bc552df3dab0bf51a7907861b8"}
,"/Users/hoank/Documents/baiTapLan2/src/modules/albums/album.controller.js": {"path":"/Users/hoank/Documents/baiTapLan2/src/modules/albums/album.controller.js","statementMap":{"0":{"start":{"line":1,"column":21},"end":{"line":1,"column":47}},"1":{"start":{"line":2,"column":33},"end":{"line":2,"column":71}},"2":{"start":{"line":3,"column":25},"end":{"line":3,"column":70}},"3":{"start":{"line":4,"column":22},"end":{"line":4,"column":70}},"4":{"start":{"line":6,"column":20},"end":{"line":14,"column":1}},"5":{"start":{"line":7,"column":4},"end":{"line":13,"column":5}},"6":{"start":{"line":8,"column":8},"end":{"line":8,"column":52}},"7":{"start":{"line":9,"column":8},"end":{"line":9,"column":57}},"8":{"start":{"line":10,"column":8},"end":{"line":10,"column":60}},"9":{"start":{"line":12,"column":8},"end":{"line":12,"column":20}},"10":{"start":{"line":16,"column":18},"end":{"line":23,"column":1}},"11":{"start":{"line":17,"column":4},"end":{"line":22,"column":5}},"12":{"start":{"line":18,"column":26},"end":{"line":18,"column":64}},"13":{"start":{"line":19,"column":8},"end":{"line":19,"column":40}},"14":{"start":{"line":21,"column":8},"end":{"line":21,"column":20}},"15":{"start":{"line":25,"column":20},"end":{"line":34,"column":1}},"16":{"start":{"line":26,"column":4},"end":{"line":33,"column":5}},"17":{"start":{"line":27,"column":8},"end":{"line":27,"column":61}},"18":{"start":{"line":28,"column":8},"end":{"line":28,"column":49}},"19":{"start":{"line":29,"column":8},"end":{"line":29,"column":49}},"20":{"start":{"line":30,"column":8},"end":{"line":30,"column":57}},"21":{"start":{"line":32,"column":8},"end":{"line":32,"column":20}},"22":{"start":{"line":36,"column":20},"end":{"line":54,"column":1}},"23":{"start":{"line":37,"column":4},"end":{"line":53,"column":5}},"24":{"start":{"line":38,"column":8},"end":{"line":38,"column":61}},"25":{"start":{"line":39,"column":8},"end":{"line":39,"column":49}},"26":{"start":{"line":40,"column":8},"end":{"line":40,"column":30}},"27":{"start":{"line":44,"column":8},"end":{"line":44,"column":57}},"28":{"start":{"line":45,"column":8},"end":{"line":45,"column":65}},"29":{"start":{"line":46,"column":8},"end":{"line":46,"column":51}},"30":{"start":{"line":48,"column":8},"end":{"line":52,"column":9}},"31":{"start":{"line":49,"column":12},"end":{"line":49,"column":24}},"32":{"start":{"line":51,"column":12},"end":{"line":51,"column":65}},"33":{"start":{"line":56,"column":0},"end":{"line":61,"column":2}}},"fnMap":{"0":{"name":"(anonymous_0)","decl":{"start":{"line":6,"column":20},"end":{"line":6,"column":21}},"loc":{"start":{"line":6,"column":46},"end":{"line":14,"column":1}},"line":6},"1":{"name":"(anonymous_1)","decl":{"start":{"line":16,"column":18},"end":{"line":16,"column":19}},"loc":{"start":{"line":16,"column":44},"end":{"line":23,"column":1}},"line":16},"2":{"name":"(anonymous_2)","decl":{"start":{"line":25,"column":20},"end":{"line":25,"column":21}},"loc":{"start":{"line":25,"column":46},"end":{"line":34,"column":1}},"line":25},"3":{"name":"(anonymous_3)","decl":{"start":{"line":36,"column":20},"end":{"line":36,"column":21}},"loc":{"start":{"line":36,"column":46},"end":{"line":54,"column":1}},"line":36}},"branchMap":{"0":{"loc":{"start":{"line":48,"column":8},"end":{"line":52,"column":9}},"type":"if","locations":[{"start":{"line":48,"column":8},"end":{"line":52,"column":9}},{"start":{"line":50,"column":15},"end":{"line":52,"column":9}}],"line":48}},"s":{"0":4,"1":4,"2":4,"3":4,"4":4,"5":2,"6":2,"7":1,"8":1,"9":1,"10":4,"11":2,"12":2,"13":1,"14":1,"15":4,"16":2,"17":2,"18":2,"19":2,"20":1,"21":1,"22":4,"23":3,"24":3,"25":1,"26":1,"27":1,"28":1,"29":1,"30":2,"31":1,"32":1,"33":4},"f":{"0":2,"1":2,"2":2,"3":3},"b":{"0":[1,1]},"_coverageSchema":"1a1c01bbd47fc00a2c39e90264f33305004495a9","hash":"602889c6ad7b58d28367edf719e72b9cc9e5b6c8"}
,"/Users/hoank/Documents/baiTapLan2/src/modules/albums/album.model.js": {"path":"/Users/hoank/Documents/baiTapLan2/src/modules/albums/album.model.js","statementMap":{"0":{"start":{"line":1,"column":17},"end":{"line":1,"column":36}},"1":{"start":{"line":3,"column":15},"end":{"line":3,"column":30}},"2":{"start":{"line":4,"column":19},"end":{"line":11,"column":1}},"3":{"start":{"line":13,"column":19},"end":{"line":13,"column":54}},"4":{"start":{"line":14,"column":0},"end":{"line":14,"column":28}}},"fnMap":{},"branchMap":{},"s":{"0":5,"1":5,"2":5,"3":5,"4":5},"f":{},"b":{},"_coverageSchema":"1a1c01bbd47fc00a2c39e90264f33305004495a9","hash":"d791cda466664b089a4db2edc547498c794567b8"}
,"/Users/hoank/Documents/baiTapLan2/src/modules/albums/album.repository.js": {"path":"/Users/hoank/Documents/baiTapLan2/src/modules/albums/album.repository.js","statementMap":{"0":{"start":{"line":1,"column":17},"end":{"line":1,"column":36}},"1":{"start":{"line":2,"column":19},"end":{"line":2,"column":43}},"2":{"start":{"line":4,"column":23},"end":{"line":4,"column":66}},"3":{"start":{"line":6,"column":24},"end":{"line":10,"column":1}},"4":{"start":{"line":7,"column":24},"end":{"line":7,"column":64}},"5":{"start":{"line":9,"column":4},"end":{"line":9,"column":29}},"6":{"start":{"line":12,"column":20},"end":{"line":16,"column":1}},"7":{"start":{"line":13,"column":21},"end":{"line":13,"column":46}},"8":{"start":{"line":14,"column":4},"end":{"line":14,"column":26}},"9":{"start":{"line":15,"column":4},"end":{"line":15,"column":20}},"10":{"start":{"line":18,"column":18},"end":{"line":25,"column":1}},"11":{"start":{"line":19,"column":18},"end":{"line":19,"column":106}},"12":{"start":{"line":20,"column":16},"end":{"line":20,"column":18}},"13":{"start":{"line":21,"column":4},"end":{"line":23,"column":7}},"14":{"start":{"line":22,"column":8},"end":{"line":22,"column":34}},"15":{"start":{"line":24,"column":4},"end":{"line":24,"column":15}},"16":{"start":{"line":27,"column":20},"end":{"line":29,"column":1}},"17":{"start":{"line":28,"column":4},"end":{"line":28,"column":66}},"18":{"start":{"line":31,"column":20},"end":{"line":33,"column":1}},"19":{"start":{"line":32,"column":4},"end":{"line":32,"column":49}},"20":{"start":{"line":35,"column":0},"end":{"line":41,"column":2}}},"fnMap":{"0":{"name":"(anonymous_0)","decl":{"start":{"line":6,"column":24},"end":{"line":6,"column":25}},"loc":{"start":{"line":6,"column":43},"end":{"line":10,"column":1}},"line":6},"1":{"name":"(anonymous_1)","decl":{"start":{"line":12,"column":20},"end":{"line":12,"column":21}},"loc":{"start":{"line":12,"column":41},"end":{"line":16,"column":1}},"line":12},"2":{"name":"(anonymous_2)","decl":{"start":{"line":18,"column":18},"end":{"line":18,"column":19}},"loc":{"start":{"line":18,"column":38},"end":{"line":25,"column":1}},"line":18},"3":{"name":"(anonymous_3)","decl":{"start":{"line":21,"column":18},"end":{"line":21,"column":19}},"loc":{"start":{"line":21,"column":35},"end":{"line":23,"column":5}},"line":21},"4":{"name":"(anonymous_4)","decl":{"start":{"line":27,"column":20},"end":{"line":27,"column":21}},"loc":{"start":{"line":27,"column":46},"end":{"line":29,"column":1}},"line":27},"5":{"name":"(anonymous_5)","decl":{"start":{"line":31,"column":20},"end":{"line":31,"column":21}},"loc":{"start":{"line":31,"column":39},"end":{"line":33,"column":1}},"line":31}},"branchMap":{},"s":{"0":5,"1":5,"2":5,"3":5,"4":0,"5":0,"6":5,"7":0,"8":0,"9":0,"10":5,"11":0,"12":0,"13":0,"14":0,"15":0,"16":5,"17":0,"18":5,"19":0,"20":5},"f":{"0":0,"1":0,"2":0,"3":0,"4":0,"5":0},"b":{},"_coverageSchema":"1a1c01bbd47fc00a2c39e90264f33305004495a9","hash":"326de4b0ae994bc33f58c054fcdfbe009a4b820f"}
,"/Users/hoank/Documents/baiTapLan2/src/modules/albums/album.route.js": {"path":"/Users/hoank/Documents/baiTapLan2/src/modules/albums/album.route.js","statementMap":{"0":{"start":{"line":1,"column":16},"end":{"line":1,"column":34}},"1":{"start":{"line":2,"column":24},"end":{"line":2,"column":53}},"2":{"start":{"line":3,"column":25},"end":{"line":3,"column":67}},"3":{"start":{"line":5,"column":14},"end":{"line":5,"column":30}},"4":{"start":{"line":7,"column":0},"end":{"line":7,"column":92}},"5":{"start":{"line":9,"column":0},"end":{"line":9,"column":87}},"6":{"start":{"line":11,"column":0},"end":{"line":11,"column":93}},"7":{"start":{"line":13,"column":0},"end":{"line":13,"column":94}},"8":{"start":{"line":15,"column":0},"end":{"line":17,"column":2}}},"fnMap":{},"branchMap":{},"s":{"0":4,"1":4,"2":4,"3":4,"4":4,"5":4,"6":4,"7":4,"8":4},"f":{},"b":{},"_coverageSchema":"1a1c01bbd47fc00a2c39e90264f33305004495a9","hash":"1a00c99667c51765b71de6a6baeb1b4a7ae1504d"}
,"/Users/hoank/Documents/baiTapLan2/src/modules/albums/album.service.js": {"path":"/Users/hoank/Documents/baiTapLan2/src/modules/albums/album.service.js","statementMap":{"0":{"start":{"line":1,"column":18},"end":{"line":1,"column":47}},"1":{"start":{"line":2,"column":22},"end":{"line":2,"column":70}},"2":{"start":{"line":3,"column":26},"end":{"line":3,"column":64}},"3":{"start":{"line":5,"column":24},"end":{"line":17,"column":1}},"4":{"start":{"line":6,"column":4},"end":{"line":16,"column":5}},"5":{"start":{"line":7,"column":23},"end":{"line":7,"column":63}},"6":{"start":{"line":8,"column":8},"end":{"line":10,"column":9}},"7":{"start":{"line":9,"column":12},"end":{"line":9,"column":63}},"8":{"start":{"line":12,"column":8},"end":{"line":14,"column":9}},"9":{"start":{"line":13,"column":12},"end":{"line":13,"column":24}},"10":{"start":{"line":15,"column":8},"end":{"line":15,"column":59}},"11":{"start":{"line":19,"column":23},"end":{"line":26,"column":1}},"12":{"start":{"line":20,"column":4},"end":{"line":25,"column":5}},"13":{"start":{"line":21,"column":25},"end":{"line":21,"column":62}},"14":{"start":{"line":22,"column":8},"end":{"line":22,"column":45}},"15":{"start":{"line":24,"column":8},"end":{"line":24,"column":61}},"16":{"start":{"line":28,"column":18},"end":{"line":34,"column":1}},"17":{"start":{"line":29,"column":4},"end":{"line":33,"column":5}},"18":{"start":{"line":30,"column":8},"end":{"line":30,"column":60}},"19":{"start":{"line":32,"column":8},"end":{"line":32,"column":59}},"20":{"start":{"line":36,"column":20},"end":{"line":43,"column":1}},"21":{"start":{"line":37,"column":4},"end":{"line":42,"column":5}},"22":{"start":{"line":38,"column":29},"end":{"line":38,"column":97}},"23":{"start":{"line":39,"column":8},"end":{"line":39,"column":47}},"24":{"start":{"line":41,"column":8},"end":{"line":41,"column":65}},"25":{"start":{"line":45,"column":20},"end":{"line":57,"column":1}},"26":{"start":{"line":46,"column":4},"end":{"line":48,"column":5}},"27":{"start":{"line":47,"column":8},"end":{"line":47,"column":89}},"28":{"start":{"line":49,"column":4},"end":{"line":56,"column":5}},"29":{"start":{"line":50,"column":24},"end":{"line":50,"column":40}},"30":{"start":{"line":51,"column":22},"end":{"line":51,"column":30}},"31":{"start":{"line":52,"column":8},"end":{"line":52,"column":29}},"32":{"start":{"line":53,"column":8},"end":{"line":53,"column":52}},"33":{"start":{"line":55,"column":8},"end":{"line":55,"column":61}},"34":{"start":{"line":59,"column":20},"end":{"line":65,"column":1}},"35":{"start":{"line":60,"column":4},"end":{"line":64,"column":5}},"36":{"start":{"line":61,"column":8},"end":{"line":61,"column":45}},"37":{"start":{"line":63,"column":8},"end":{"line":63,"column":61}},"38":{"start":{"line":67,"column":0},"end":{"line":74,"column":2}}},"fnMap":{"0":{"name":"(anonymous_0)","decl":{"start":{"line":5,"column":24},"end":{"line":5,"column":25}},"loc":{"start":{"line":5,"column":43},"end":{"line":17,"column":1}},"line":5},"1":{"name":"(anonymous_1)","decl":{"start":{"line":19,"column":23},"end":{"line":19,"column":24}},"loc":{"start":{"line":19,"column":43},"end":{"line":26,"column":1}},"line":19},"2":{"name":"(anonymous_2)","decl":{"start":{"line":28,"column":18},"end":{"line":28,"column":19}},"loc":{"start":{"line":28,"column":38},"end":{"line":34,"column":1}},"line":28},"3":{"name":"(anonymous_3)","decl":{"start":{"line":36,"column":20},"end":{"line":36,"column":21}},"loc":{"start":{"line":36,"column":40},"end":{"line":43,"column":1}},"line":36},"4":{"name":"(anonymous_4)","decl":{"start":{"line":45,"column":20},"end":{"line":45,"column":21}},"loc":{"start":{"line":45,"column":40},"end":{"line":57,"column":1}},"line":45},"5":{"name":"(anonymous_5)","decl":{"start":{"line":59,"column":20},"end":{"line":59,"column":21}},"loc":{"start":{"line":59,"column":39},"end":{"line":65,"column":1}},"line":59}},"branchMap":{"0":{"loc":{"start":{"line":8,"column":8},"end":{"line":10,"column":9}},"type":"if","locations":[{"start":{"line":8,"column":8},"end":{"line":10,"column":9}},{"start":{},"end":{}}],"line":8},"1":{"loc":{"start":{"line":12,"column":8},"end":{"line":14,"column":9}},"type":"if","locations":[{"start":{"line":12,"column":8},"end":{"line":14,"column":9}},{"start":{},"end":{}}],"line":12},"2":{"loc":{"start":{"line":46,"column":4},"end":{"line":48,"column":5}},"type":"if","locations":[{"start":{"line":46,"column":4},"end":{"line":48,"column":5}},{"start":{},"end":{}}],"line":46}},"s":{"0":5,"1":5,"2":5,"3":5,"4":0,"5":0,"6":0,"7":0,"8":0,"9":0,"10":0,"11":5,"12":0,"13":0,"14":0,"15":0,"16":5,"17":0,"18":0,"19":0,"20":5,"21":0,"22":0,"23":0,"24":0,"25":5,"26":0,"27":0,"28":0,"29":0,"30":0,"31":0,"32":0,"33":0,"34":5,"35":0,"36":0,"37":0,"38":5},"f":{"0":0,"1":0,"2":0,"3":0,"4":0,"5":0},"b":{"0":[0,0],"1":[0,0],"2":[0,0]},"_coverageSchema":"1a1c01bbd47fc00a2c39e90264f33305004495a9","hash":"725aa1a77163bd178bdd6b4a45cdfeec026f6f51"}
,"/Users/hoank/Documents/baiTapLan2/src/modules/authentication/auth.controller.js": {"path":"/Users/hoank/Documents/baiTapLan2/src/modules/authentication/auth.controller.js","statementMap":{"0":{"start":{"line":1,"column":15},"end":{"line":1,"column":35}},"1":{"start":{"line":2,"column":26},"end":{"line":2,"column":64}},"2":{"start":{"line":3,"column":20},"end":{"line":3,"column":45}},"3":{"start":{"line":5,"column":18},"end":{"line":19,"column":1}},"4":{"start":{"line":6,"column":4},"end":{"line":18,"column":5}},"5":{"start":{"line":8,"column":25},"end":{"line":8,"column":82}},"6":{"start":{"line":9,"column":28},"end":{"line":9,"column":84}},"7":{"start":{"line":10,"column":8},"end":{"line":14,"column":9}},"8":{"start":{"line":11,"column":12},"end":{"line":11,"column":65}},"9":{"start":{"line":13,"column":12},"end":{"line":13,"column":70}},"10":{"start":{"line":15,"column":8},"end":{"line":15,"column":46}},"11":{"start":{"line":17,"column":8},"end":{"line":17,"column":20}},"12":{"start":{"line":21,"column":21},"end":{"line":28,"column":1}},"13":{"start":{"line":22,"column":4},"end":{"line":27,"column":5}},"14":{"start":{"line":23,"column":8},"end":{"line":23,"column":49}},"15":{"start":{"line":24,"column":8},"end":{"line":24,"column":60}},"16":{"start":{"line":26,"column":8},"end":{"line":26,"column":20}},"17":{"start":{"line":30,"column":23},"end":{"line":37,"column":1}},"18":{"start":{"line":31,"column":4},"end":{"line":36,"column":5}},"19":{"start":{"line":32,"column":8},"end":{"line":32,"column":47}},"20":{"start":{"line":33,"column":8},"end":{"line":33,"column":59}},"21":{"start":{"line":35,"column":8},"end":{"line":35,"column":20}},"22":{"start":{"line":39,"column":0},"end":{"line":43,"column":2}}},"fnMap":{"0":{"name":"(anonymous_0)","decl":{"start":{"line":5,"column":18},"end":{"line":5,"column":19}},"loc":{"start":{"line":5,"column":44},"end":{"line":19,"column":1}},"line":5},"1":{"name":"(anonymous_1)","decl":{"start":{"line":21,"column":21},"end":{"line":21,"column":22}},"loc":{"start":{"line":21,"column":47},"end":{"line":28,"column":1}},"line":21},"2":{"name":"(anonymous_2)","decl":{"start":{"line":30,"column":23},"end":{"line":30,"column":24}},"loc":{"start":{"line":30,"column":49},"end":{"line":37,"column":1}},"line":30}},"branchMap":{},"s":{"0":4,"1":4,"2":4,"3":4,"4":2,"5":2,"6":2,"7":2,"8":2,"9":1,"10":1,"11":1,"12":4,"13":3,"14":3,"15":1,"16":2,"17":4,"18":3,"19":3,"20":2,"21":1,"22":4},"f":{"0":2,"1":3,"2":3},"b":{},"_coverageSchema":"1a1c01bbd47fc00a2c39e90264f33305004495a9","hash":"b5da152ab6e7f47e329452f598b139215e4555ce"}
,"/Users/hoank/Documents/baiTapLan2/src/modules/authentication/auth.route.js": {"path":"/Users/hoank/Documents/baiTapLan2/src/modules/authentication/auth.route.js","statementMap":{"0":{"start":{"line":1,"column":16},"end":{"line":1,"column":34}},"1":{"start":{"line":2,"column":23},"end":{"line":2,"column":51}},"2":{"start":{"line":3,"column":23},"end":{"line":3,"column":51}},"3":{"start":{"line":5,"column":14},"end":{"line":5,"column":30}},"4":{"start":{"line":7,"column":0},"end":{"line":7,"column":77}},"5":{"start":{"line":9,"column":0},"end":{"line":9,"column":86}},"6":{"start":{"line":11,"column":0},"end":{"line":11,"column":61}},"7":{"start":{"line":13,"column":0},"end":{"line":15,"column":2}}},"fnMap":{},"branchMap":{},"s":{"0":4,"1":4,"2":4,"3":4,"4":4,"5":4,"6":4,"7":4},"f":{},"b":{},"_coverageSchema":"1a1c01bbd47fc00a2c39e90264f33305004495a9","hash":"57f3ec42c197d3375b5a5344833c9f648a6a928c"}
,"/Users/hoank/Documents/baiTapLan2/src/modules/authentication/auth.service.js": {"path":"/Users/hoank/Documents/baiTapLan2/src/modules/authentication/auth.service.js","statementMap":{"0":{"start":{"line":1,"column":0},"end":{"line":1,"column":57}},"1":{"start":{"line":2,"column":12},"end":{"line":2,"column":35}},"2":{"start":{"line":3,"column":15},"end":{"line":3,"column":32}},"3":{"start":{"line":4,"column":17},"end":{"line":4,"column":52}},"4":{"start":{"line":5,"column":26},"end":{"line":5,"column":64}},"5":{"start":{"line":6,"column":18},"end":{"line":6,"column":51}},"6":{"start":{"line":7,"column":20},"end":{"line":7,"column":60}},"7":{"start":{"line":10,"column":37},"end":{"line":10,"column":45}},"8":{"start":{"line":11,"column":21},"end":{"line":11,"column":58}},"9":{"start":{"line":12,"column":4},"end":{"line":18,"column":5}},"10":{"start":{"line":13,"column":8},"end":{"line":13,"column":68}},"11":{"start":{"line":14,"column":11},"end":{"line":18,"column":5}},"12":{"start":{"line":15,"column":8},"end":{"line":15,"column":61}},"13":{"start":{"line":17,"column":8},"end":{"line":17,"column":73}},"14":{"start":{"line":21,"column":24},"end":{"line":26,"column":1}},"15":{"start":{"line":22,"column":34},"end":{"line":22,"column":74}},"16":{"start":{"line":23,"column":4},"end":{"line":25,"column":5}},"17":{"start":{"line":24,"column":8},"end":{"line":24,"column":81}},"18":{"start":{"line":29,"column":21},"end":{"line":29,"column":38}},"19":{"start":{"line":30,"column":4},"end":{"line":30,"column":36}},"20":{"start":{"line":31,"column":21},"end":{"line":31,"column":58}},"21":{"start":{"line":32,"column":4},"end":{"line":36,"column":5}},"22":{"start":{"line":33,"column":8},"end":{"line":33,"column":68}},"23":{"start":{"line":34,"column":11},"end":{"line":36,"column":5}},"24":{"start":{"line":35,"column":8},"end":{"line":35,"column":73}},"25":{"start":{"line":37,"column":16},"end":{"line":37,"column":37}},"26":{"start":{"line":38,"column":24},"end":{"line":38,"column":88}},"27":{"start":{"line":39,"column":4},"end":{"line":39,"column":68}},"28":{"start":{"line":40,"column":4},"end":{"line":40,"column":15}},"29":{"start":{"line":44,"column":32},"end":{"line":44,"column":40}},"30":{"start":{"line":45,"column":4},"end":{"line":54,"column":5}},"31":{"start":{"line":46,"column":8},"end":{"line":46,"column":96}},"32":{"start":{"line":47,"column":36},"end":{"line":47,"column":74}},"33":{"start":{"line":48,"column":8},"end":{"line":50,"column":9}},"34":{"start":{"line":49,"column":12},"end":{"line":49,"column":60}},"35":{"start":{"line":51,"column":8},"end":{"line":51,"column":52}},"36":{"start":{"line":53,"column":8},"end":{"line":53,"column":60}},"37":{"start":{"line":57,"column":21},"end":{"line":71,"column":1}},"38":{"start":{"line":58,"column":25},"end":{"line":58,"column":33}},"39":{"start":{"line":59,"column":4},"end":{"line":70,"column":5}},"40":{"start":{"line":60,"column":41},"end":{"line":60,"column":84}},"41":{"start":{"line":61,"column":8},"end":{"line":63,"column":9}},"42":{"start":{"line":62,"column":12},"end":{"line":62,"column":64}},"43":{"start":{"line":64,"column":8},"end":{"line":64,"column":38}},"44":{"start":{"line":66,"column":8},"end":{"line":68,"column":9}},"45":{"start":{"line":67,"column":12},"end":{"line":67,"column":24}},"46":{"start":{"line":69,"column":8},"end":{"line":69,"column":60}},"47":{"start":{"line":73,"column":23},"end":{"line":80,"column":1}},"48":{"start":{"line":74,"column":4},"end":{"line":79,"column":5}},"49":{"start":{"line":75,"column":8},"end":{"line":75,"column":35}},"50":{"start":{"line":76,"column":8},"end":{"line":76,"column":66}},"51":{"start":{"line":78,"column":8},"end":{"line":78,"column":68}},"52":{"start":{"line":83,"column":24},"end":{"line":83,"column":92}},"53":{"start":{"line":84,"column":4},"end":{"line":84,"column":23}},"54":{"start":{"line":88,"column":19},"end":{"line":88,"column":67}},"55":{"start":{"line":89,"column":4},"end":{"line":95,"column":5}},"56":{"start":{"line":90,"column":22},"end":{"line":90,"column":55}},"57":{"start":{"line":91,"column":8},"end":{"line":91,"column":50}},"58":{"start":{"line":92,"column":8},"end":{"line":92,"column":21}},"59":{"start":{"line":94,"column":8},"end":{"line":94,"column":77}},"60":{"start":{"line":99,"column":4},"end":{"line":99,"column":29}},"61":{"start":{"line":102,"column":0},"end":{"line":111,"column":2}}},"fnMap":{"0":{"name":"activeUser","decl":{"start":{"line":9,"column":15},"end":{"line":9,"column":25}},"loc":{"start":{"line":9,"column":36},"end":{"line":19,"column":1}},"line":9},"1":{"name":"(anonymous_1)","decl":{"start":{"line":21,"column":24},"end":{"line":21,"column":25}},"loc":{"start":{"line":21,"column":44},"end":{"line":26,"column":1}},"line":21},"2":{"name":"verifyForgotPassword","decl":{"start":{"line":28,"column":15},"end":{"line":28,"column":35}},"loc":{"start":{"line":28,"column":46},"end":{"line":41,"column":1}},"line":28},"3":{"name":"createNewUser","decl":{"start":{"line":43,"column":15},"end":{"line":43,"column":28}},"loc":{"start":{"line":43,"column":39},"end":{"line":55,"column":1}},"line":43},"4":{"name":"(anonymous_4)","decl":{"start":{"line":57,"column":21},"end":{"line":57,"column":22}},"loc":{"start":{"line":57,"column":41},"end":{"line":71,"column":1}},"line":57},"5":{"name":"(anonymous_5)","decl":{"start":{"line":73,"column":23},"end":{"line":73,"column":24}},"loc":{"start":{"line":73,"column":43},"end":{"line":80,"column":1}},"line":73},"6":{"name":"createAccessToken","decl":{"start":{"line":82,"column":15},"end":{"line":82,"column":32}},"loc":{"start":{"line":82,"column":43},"end":{"line":85,"column":1}},"line":82},"7":{"name":"userLogin","decl":{"start":{"line":87,"column":15},"end":{"line":87,"column":24}},"loc":{"start":{"line":87,"column":45},"end":{"line":96,"column":1}},"line":87},"8":{"name":"jwtDecoded","decl":{"start":{"line":98,"column":9},"end":{"line":98,"column":19}},"loc":{"start":{"line":98,"column":27},"end":{"line":100,"column":1}},"line":98}},"branchMap":{"0":{"loc":{"start":{"line":12,"column":4},"end":{"line":18,"column":5}},"type":"if","locations":[{"start":{"line":12,"column":4},"end":{"line":18,"column":5}},{"start":{"line":14,"column":11},"end":{"line":18,"column":5}}],"line":12},"1":{"loc":{"start":{"line":14,"column":11},"end":{"line":18,"column":5}},"type":"if","locations":[{"start":{"line":14,"column":11},"end":{"line":18,"column":5}},{"start":{"line":16,"column":11},"end":{"line":18,"column":5}}],"line":14},"2":{"loc":{"start":{"line":23,"column":4},"end":{"line":25,"column":5}},"type":"if","locations":[{"start":{"line":23,"column":4},"end":{"line":25,"column":5}},{"start":{},"end":{}}],"line":23},"3":{"loc":{"start":{"line":32,"column":4},"end":{"line":36,"column":5}},"type":"if","locations":[{"start":{"line":32,"column":4},"end":{"line":36,"column":5}},{"start":{"line":34,"column":11},"end":{"line":36,"column":5}}],"line":32},"4":{"loc":{"start":{"line":34,"column":11},"end":{"line":36,"column":5}},"type":"if","locations":[{"start":{"line":34,"column":11},"end":{"line":36,"column":5}},{"start":{},"end":{}}],"line":34},"5":{"loc":{"start":{"line":48,"column":8},"end":{"line":50,"column":9}},"type":"if","locations":[{"start":{"line":48,"column":8},"end":{"line":50,"column":9}},{"start":{},"end":{}}],"line":48},"6":{"loc":{"start":{"line":61,"column":8},"end":{"line":63,"column":9}},"type":"if","locations":[{"start":{"line":61,"column":8},"end":{"line":63,"column":9}},{"start":{},"end":{}}],"line":61},"7":{"loc":{"start":{"line":66,"column":8},"end":{"line":68,"column":9}},"type":"if","locations":[{"start":{"line":66,"column":8},"end":{"line":68,"column":9}},{"start":{},"end":{}}],"line":66},"8":{"loc":{"start":{"line":89,"column":4},"end":{"line":95,"column":5}},"type":"if","locations":[{"start":{"line":89,"column":4},"end":{"line":95,"column":5}},{"start":{"line":93,"column":11},"end":{"line":95,"column":5}}],"line":89}},"s":{"0":4,"1":4,"2":4,"3":4,"4":4,"5":4,"6":4,"7":0,"8":0,"9":0,"10":0,"11":0,"12":0,"13":0,"14":4,"15":0,"16":0,"17":0,"18":0,"19":0,"20":0,"21":0,"22":0,"23":0,"24":0,"25":0,"26":0,"27":0,"28":0,"29":0,"30":0,"31":0,"32":0,"33":0,"34":0,"35":0,"36":0,"37":4,"38":0,"39":0,"40":0,"41":0,"42":0,"43":0,"44":0,"45":0,"46":0,"47":4,"48":0,"49":0,"50":0,"51":0,"52":0,"53":0,"54":0,"55":0,"56":0,"57":0,"58":0,"59":0,"60":0,"61":4},"f":{"0":0,"1":0,"2":0,"3":0,"4":0,"5":0,"6":0,"7":0,"8":0},"b":{"0":[0,0],"1":[0,0],"2":[0,0],"3":[0,0],"4":[0,0],"5":[0,0],"6":[0,0],"7":[0,0],"8":[0,0]},"_coverageSchema":"1a1c01bbd47fc00a2c39e90264f33305004495a9","hash":"6d6c0b12933e7e5bda5cfbe7816835c4691f512a"}
,"/Users/hoank/Documents/baiTapLan2/src/modules/authentication/auth.validation.js": {"path":"/Users/hoank/Documents/baiTapLan2/src/modules/authentication/auth.validation.js","statementMap":{"0":{"start":{"line":2,"column":12},"end":{"line":2,"column":26}},"1":{"start":{"line":3,"column":26},"end":{"line":3,"column":64}},"2":{"start":{"line":5,"column":20},"end":{"line":10,"column":2}},"3":{"start":{"line":12,"column":22},"end":{"line":25,"column":1}},"4":{"start":{"line":13,"column":4},"end":{"line":13,"column":26}},"5":{"start":{"line":14,"column":42},"end":{"line":14,"column":50}},"6":{"start":{"line":15,"column":4},"end":{"line":24,"column":5}},"7":{"start":{"line":16,"column":8},"end":{"line":20,"column":11}},"8":{"start":{"line":21,"column":8},"end":{"line":21,"column":15}},"9":{"start":{"line":23,"column":8},"end":{"line":23,"column":63}},"10":{"start":{"line":27,"column":25},"end":{"line":39,"column":1}},"11":{"start":{"line":28,"column":42},"end":{"line":28,"column":50}},"12":{"start":{"line":29,"column":4},"end":{"line":38,"column":5}},"13":{"start":{"line":30,"column":8},"end":{"line":34,"column":11}},"14":{"start":{"line":35,"column":8},"end":{"line":35,"column":15}},"15":{"start":{"line":37,"column":8},"end":{"line":37,"column":63}},"16":{"start":{"line":41,"column":0},"end":{"line":44,"column":2}}},"fnMap":{"0":{"name":"(anonymous_0)","decl":{"start":{"line":12,"column":22},"end":{"line":12,"column":23}},"loc":{"start":{"line":12,"column":48},"end":{"line":25,"column":1}},"line":12},"1":{"name":"(anonymous_1)","decl":{"start":{"line":27,"column":25},"end":{"line":27,"column":26}},"loc":{"start":{"line":27,"column":51},"end":{"line":39,"column":1}},"line":27}},"branchMap":{},"s":{"0":4,"1":4,"2":4,"3":4,"4":2,"5":2,"6":2,"7":2,"8":2,"9":0,"10":4,"11":3,"12":3,"13":3,"14":3,"15":0,"16":4},"f":{"0":2,"1":3},"b":{},"_coverageSchema":"1a1c01bbd47fc00a2c39e90264f33305004495a9","hash":"d34274f4d113013f271c76c3ea28455a1214b438"}
,"/Users/hoank/Documents/baiTapLan2/src/modules/photos/photo.controller.js": {"path":"/Users/hoank/Documents/baiTapLan2/src/modules/photos/photo.controller.js","statementMap":{"0":{"start":{"line":1,"column":21},"end":{"line":1,"column":47}},"1":{"start":{"line":2,"column":21},"end":{"line":2,"column":55}},"2":{"start":{"line":4,"column":20},"end":{"line":10,"column":1}},"3":{"start":{"line":5,"column":4},"end":{"line":9,"column":5}},"4":{"start":{"line":6,"column":8},"end":{"line":6,"column":49}},"5":{"start":{"line":8,"column":8},"end":{"line":8,"column":20}},"6":{"start":{"line":12,"column":20},"end":{"line":19,"column":1}},"7":{"start":{"line":13,"column":4},"end":{"line":18,"column":5}},"8":{"start":{"line":14,"column":8},"end":{"line":14,"column":48}},"9":{"start":{"line":15,"column":8},"end":{"line":15,"column":49}},"10":{"start":{"line":17,"column":8},"end":{"line":17,"column":20}},"11":{"start":{"line":21,"column":19},"end":{"line":32,"column":1}},"12":{"start":{"line":22,"column":4},"end":{"line":22,"column":26}},"13":{"start":{"line":23,"column":4},"end":{"line":23,"column":26}},"14":{"start":{"line":24,"column":4},"end":{"line":31,"column":5}},"15":{"start":{"line":25,"column":8},"end":{"line":25,"column":53}},"16":{"start":{"line":26,"column":8},"end":{"line":26,"column":49}},"17":{"start":{"line":27,"column":8},"end":{"line":27,"column":48}},"18":{"start":{"line":28,"column":8},"end":{"line":28,"column":63}},"19":{"start":{"line":30,"column":8},"end":{"line":30,"column":20}},"20":{"start":{"line":34,"column":18},"end":{"line":41,"column":1}},"21":{"start":{"line":35,"column":4},"end":{"line":40,"column":5}},"22":{"start":{"line":36,"column":26},"end":{"line":36,"column":64}},"23":{"start":{"line":37,"column":8},"end":{"line":37,"column":40}},"24":{"start":{"line":39,"column":8},"end":{"line":39,"column":20}},"25":{"start":{"line":43,"column":25},"end":{"line":50,"column":1}},"26":{"start":{"line":44,"column":4},"end":{"line":49,"column":5}},"27":{"start":{"line":45,"column":26},"end":{"line":45,"column":71}},"28":{"start":{"line":46,"column":8},"end":{"line":46,"column":40}},"29":{"start":{"line":48,"column":8},"end":{"line":48,"column":20}},"30":{"start":{"line":52,"column":0},"end":{"line":58,"column":2}}},"fnMap":{"0":{"name":"(anonymous_0)","decl":{"start":{"line":4,"column":20},"end":{"line":4,"column":21}},"loc":{"start":{"line":4,"column":46},"end":{"line":10,"column":1}},"line":4},"1":{"name":"(anonymous_1)","decl":{"start":{"line":12,"column":20},"end":{"line":12,"column":21}},"loc":{"start":{"line":12,"column":46},"end":{"line":19,"column":1}},"line":12},"2":{"name":"(anonymous_2)","decl":{"start":{"line":21,"column":19},"end":{"line":21,"column":20}},"loc":{"start":{"line":21,"column":45},"end":{"line":32,"column":1}},"line":21},"3":{"name":"(anonymous_3)","decl":{"start":{"line":34,"column":18},"end":{"line":34,"column":19}},"loc":{"start":{"line":34,"column":44},"end":{"line":41,"column":1}},"line":34},"4":{"name":"(anonymous_4)","decl":{"start":{"line":43,"column":25},"end":{"line":43,"column":26}},"loc":{"start":{"line":43,"column":51},"end":{"line":50,"column":1}},"line":43}},"branchMap":{},"s":{"0":4,"1":4,"2":4,"3":0,"4":0,"5":0,"6":4,"7":0,"8":0,"9":0,"10":0,"11":4,"12":0,"13":0,"14":0,"15":0,"16":0,"17":0,"18":0,"19":0,"20":4,"21":0,"22":0,"23":0,"24":0,"25":4,"26":0,"27":0,"28":0,"29":0,"30":4},"f":{"0":0,"1":0,"2":0,"3":0,"4":0},"b":{},"_coverageSchema":"1a1c01bbd47fc00a2c39e90264f33305004495a9","hash":"9a0b3b3190d1c8620f02c2ab8dd09e7c088cdc2d"}
,"/Users/hoank/Documents/baiTapLan2/src/modules/photos/photo.model.js": {"path":"/Users/hoank/Documents/baiTapLan2/src/modules/photos/photo.model.js","statementMap":{"0":{"start":{"line":1,"column":17},"end":{"line":1,"column":36}},"1":{"start":{"line":3,"column":15},"end":{"line":3,"column":30}},"2":{"start":{"line":4,"column":19},"end":{"line":13,"column":1}},"3":{"start":{"line":15,"column":19},"end":{"line":15,"column":54}},"4":{"start":{"line":16,"column":0},"end":{"line":16,"column":28}}},"fnMap":{},"branchMap":{},"s":{"0":4,"1":4,"2":4,"3":4,"4":4},"f":{},"b":{},"_coverageSchema":"1a1c01bbd47fc00a2c39e90264f33305004495a9","hash":"26aa53cda085ce6f4008f9b27effb2f3a902bbed"}
,"/Users/hoank/Documents/baiTapLan2/src/modules/photos/photo.repository.js": {"path":"/Users/hoank/Documents/baiTapLan2/src/modules/photos/photo.repository.js","statementMap":{"0":{"start":{"line":1,"column":11},"end":{"line":1,"column":24}},"1":{"start":{"line":2,"column":19},"end":{"line":2,"column":43}},"2":{"start":{"line":4,"column":20},"end":{"line":7,"column":1}},"3":{"start":{"line":5,"column":17},"end":{"line":5,"column":25}},"4":{"start":{"line":6,"column":4},"end":{"line":6,"column":19}},"5":{"start":{"line":9,"column":24},"end":{"line":12,"column":1}},"6":{"start":{"line":10,"column":23},"end":{"line":10,"column":48}},"7":{"start":{"line":11,"column":4},"end":{"line":11,"column":28}},"8":{"start":{"line":14,"column":20},"end":{"line":19,"column":1}},"9":{"start":{"line":15,"column":4},"end":{"line":15,"column":41}},"10":{"start":{"line":16,"column":4},"end":{"line":18,"column":7}},"11":{"start":{"line":17,"column":8},"end":{"line":17,"column":34}},"12":{"start":{"line":17,"column":17},"end":{"line":17,"column":34}},"13":{"start":{"line":21,"column":17},"end":{"line":24,"column":1}},"14":{"start":{"line":22,"column":22},"end":{"line":22,"column":64}},"15":{"start":{"line":23,"column":4},"end":{"line":23,"column":26}},"16":{"start":{"line":26,"column":19},"end":{"line":30,"column":1}},"17":{"start":{"line":27,"column":33},"end":{"line":27,"column":41}},"18":{"start":{"line":28,"column":4},"end":{"line":28,"column":25}},"19":{"start":{"line":29,"column":4},"end":{"line":29,"column":72}},"20":{"start":{"line":32,"column":19},"end":{"line":35,"column":1}},"21":{"start":{"line":33,"column":29},"end":{"line":33,"column":107}},"22":{"start":{"line":34,"column":4},"end":{"line":34,"column":34}},"23":{"start":{"line":37,"column":24},"end":{"line":40,"column":1}},"24":{"start":{"line":38,"column":22},"end":{"line":38,"column":62}},"25":{"start":{"line":39,"column":4},"end":{"line":39,"column":21}},"26":{"start":{"line":42,"column":18},"end":{"line":45,"column":1}},"27":{"start":{"line":43,"column":26},"end":{"line":43,"column":61}},"28":{"start":{"line":44,"column":4},"end":{"line":44,"column":25}},"29":{"start":{"line":47,"column":25},"end":{"line":51,"column":1}},"30":{"start":{"line":48,"column":26},"end":{"line":48,"column":70}},"31":{"start":{"line":49,"column":4},"end":{"line":49,"column":31}},"32":{"start":{"line":50,"column":4},"end":{"line":50,"column":25}},"33":{"start":{"line":53,"column":0},"end":{"line":63,"column":2}}},"fnMap":{"0":{"name":"(anonymous_0)","decl":{"start":{"line":4,"column":20},"end":{"line":4,"column":21}},"loc":{"start":{"line":4,"column":34},"end":{"line":7,"column":1}},"line":4},"1":{"name":"(anonymous_1)","decl":{"start":{"line":9,"column":24},"end":{"line":9,"column":25}},"loc":{"start":{"line":9,"column":45},"end":{"line":12,"column":1}},"line":9},"2":{"name":"(anonymous_2)","decl":{"start":{"line":14,"column":20},"end":{"line":14,"column":21}},"loc":{"start":{"line":14,"column":36},"end":{"line":19,"column":1}},"line":14},"3":{"name":"(anonymous_3)","decl":{"start":{"line":16,"column":31},"end":{"line":16,"column":32}},"loc":{"start":{"line":16,"column":40},"end":{"line":18,"column":5}},"line":16},"4":{"name":"(anonymous_4)","decl":{"start":{"line":21,"column":17},"end":{"line":21,"column":18}},"loc":{"start":{"line":21,"column":36},"end":{"line":24,"column":1}},"line":21},"5":{"name":"(anonymous_5)","decl":{"start":{"line":26,"column":19},"end":{"line":26,"column":20}},"loc":{"start":{"line":26,"column":39},"end":{"line":30,"column":1}},"line":26},"6":{"name":"(anonymous_6)","decl":{"start":{"line":32,"column":19},"end":{"line":32,"column":20}},"loc":{"start":{"line":32,"column":39},"end":{"line":35,"column":1}},"line":32},"7":{"name":"(anonymous_7)","decl":{"start":{"line":37,"column":24},"end":{"line":37,"column":25}},"loc":{"start":{"line":37,"column":43},"end":{"line":40,"column":1}},"line":37},"8":{"name":"(anonymous_8)","decl":{"start":{"line":42,"column":18},"end":{"line":42,"column":19}},"loc":{"start":{"line":42,"column":38},"end":{"line":45,"column":1}},"line":42},"9":{"name":"(anonymous_9)","decl":{"start":{"line":47,"column":25},"end":{"line":47,"column":26}},"loc":{"start":{"line":47,"column":54},"end":{"line":51,"column":1}},"line":47}},"branchMap":{"0":{"loc":{"start":{"line":17,"column":8},"end":{"line":17,"column":34}},"type":"if","locations":[{"start":{"line":17,"column":8},"end":{"line":17,"column":34}},{"start":{},"end":{}}],"line":17}},"s":{"0":4,"1":4,"2":4,"3":0,"4":0,"5":4,"6":0,"7":0,"8":4,"9":0,"10":0,"11":0,"12":0,"13":4,"14":0,"15":0,"16":4,"17":0,"18":0,"19":0,"20":4,"21":0,"22":0,"23":4,"24":0,"25":0,"26":4,"27":0,"28":0,"29":4,"30":0,"31":0,"32":0,"33":4},"f":{"0":0,"1":0,"2":0,"3":0,"4":0,"5":0,"6":0,"7":0,"8":0,"9":0},"b":{"0":[0,0]},"_coverageSchema":"1a1c01bbd47fc00a2c39e90264f33305004495a9","hash":"56a0cb1481f90ad7bd9d365a055592deee241b61"}
,"/Users/hoank/Documents/baiTapLan2/src/modules/photos/photo.route.js": {"path":"/Users/hoank/Documents/baiTapLan2/src/modules/photos/photo.route.js","statementMap":{"0":{"start":{"line":1,"column":16},"end":{"line":1,"column":34}},"1":{"start":{"line":2,"column":24},"end":{"line":2,"column":53}},"2":{"start":{"line":3,"column":25},"end":{"line":3,"column":67}},"3":{"start":{"line":5,"column":14},"end":{"line":5,"column":30}},"4":{"start":{"line":7,"column":0},"end":{"line":7,"column":92}},"5":{"start":{"line":9,"column":0},"end":{"line":9,"column":94}},"6":{"start":{"line":11,"column":0},"end":{"line":11,"column":96}},"7":{"start":{"line":13,"column":0},"end":{"line":13,"column":92}},"8":{"start":{"line":15,"column":0},"end":{"line":15,"column":108}},"9":{"start":{"line":17,"column":0},"end":{"line":19,"column":2}}},"fnMap":{},"branchMap":{},"s":{"0":4,"1":4,"2":4,"3":4,"4":4,"5":4,"6":4,"7":4,"8":4,"9":4},"f":{},"b":{},"_coverageSchema":"1a1c01bbd47fc00a2c39e90264f33305004495a9","hash":"e3e2c34f69e25bdeabc6d157aa5d87ca81646c61"}
,"/Users/hoank/Documents/baiTapLan2/src/modules/photos/photo.service.js": {"path":"/Users/hoank/Documents/baiTapLan2/src/modules/photos/photo.service.js","statementMap":{"0":{"start":{"line":1,"column":15},"end":{"line":1,"column":32}},"1":{"start":{"line":2,"column":18},"end":{"line":2,"column":47}},"2":{"start":{"line":3,"column":26},"end":{"line":3,"column":64}},"3":{"start":{"line":5,"column":20},"end":{"line":32,"column":1}},"4":{"start":{"line":6,"column":25},"end":{"line":6,"column":33}},"5":{"start":{"line":7,"column":24},"end":{"line":14,"column":6}},"6":{"start":{"line":9,"column":12},"end":{"line":9,"column":41}},"7":{"start":{"line":12,"column":12},"end":{"line":12,"column":60}},"8":{"start":{"line":16,"column":19},"end":{"line":16,"column":67}},"9":{"start":{"line":17,"column":4},"end":{"line":31,"column":5}},"10":{"start":{"line":18,"column":8},"end":{"line":28,"column":11}},"11":{"start":{"line":19,"column":12},"end":{"line":19,"column":44}},"12":{"start":{"line":20,"column":29},"end":{"line":20,"column":46}},"13":{"start":{"line":21,"column":25},"end":{"line":21,"column":38}},"14":{"start":{"line":22,"column":30},"end":{"line":26,"column":13}},"15":{"start":{"line":27,"column":12},"end":{"line":27,"column":55}},"16":{"start":{"line":30,"column":8},"end":{"line":30,"column":61}},"17":{"start":{"line":34,"column":19},"end":{"line":43,"column":1}},"18":{"start":{"line":35,"column":4},"end":{"line":42,"column":5}},"19":{"start":{"line":36,"column":33},"end":{"line":36,"column":63}},"20":{"start":{"line":37,"column":8},"end":{"line":39,"column":9}},"21":{"start":{"line":38,"column":12},"end":{"line":38,"column":67}},"22":{"start":{"line":41,"column":8},"end":{"line":41,"column":60}},"23":{"start":{"line":45,"column":20},"end":{"line":54,"column":1}},"24":{"start":{"line":46,"column":4},"end":{"line":53,"column":5}},"25":{"start":{"line":47,"column":21},"end":{"line":47,"column":63}},"26":{"start":{"line":48,"column":8},"end":{"line":48,"column":42}},"27":{"start":{"line":49,"column":8},"end":{"line":49,"column":57}},"28":{"start":{"line":51,"column":8},"end":{"line":51,"column":27}},"29":{"start":{"line":52,"column":8},"end":{"line":52,"column":61}},"30":{"start":{"line":56,"column":19},"end":{"line":68,"column":1}},"31":{"start":{"line":57,"column":4},"end":{"line":57,"column":26}},"32":{"start":{"line":58,"column":4},"end":{"line":67,"column":5}},"33":{"start":{"line":59,"column":8},"end":{"line":64,"column":9}},"34":{"start":{"line":60,"column":12},"end":{"line":60,"column":27}},"35":{"start":{"line":61,"column":12},"end":{"line":61,"column":49}},"36":{"start":{"line":63,"column":12},"end":{"line":63,"column":71}},"37":{"start":{"line":66,"column":8},"end":{"line":66,"column":90}},"38":{"start":{"line":70,"column":24},"end":{"line":81,"column":1}},"39":{"start":{"line":71,"column":4},"end":{"line":71,"column":26}},"40":{"start":{"line":72,"column":4},"end":{"line":80,"column":5}},"41":{"start":{"line":73,"column":38},"end":{"line":73,"column":87}},"42":{"start":{"line":74,"column":8},"end":{"line":74,"column":43}},"43":{"start":{"line":75,"column":8},"end":{"line":77,"column":9}},"44":{"start":{"line":76,"column":12},"end":{"line":76,"column":61}},"45":{"start":{"line":79,"column":8},"end":{"line":79,"column":27}},"46":{"start":{"line":83,"column":18},"end":{"line":86,"column":1}},"47":{"start":{"line":84,"column":22},"end":{"line":84,"column":66}},"48":{"start":{"line":85,"column":4},"end":{"line":85,"column":21}},"49":{"start":{"line":88,"column":25},"end":{"line":92,"column":1}},"50":{"start":{"line":89,"column":4},"end":{"line":89,"column":26}},"51":{"start":{"line":90,"column":22},"end":{"line":90,"column":91}},"52":{"start":{"line":91,"column":4},"end":{"line":91,"column":21}},"53":{"start":{"line":93,"column":0},"end":{"line":101,"column":2}}},"fnMap":{"0":{"name":"(anonymous_0)","decl":{"start":{"line":5,"column":20},"end":{"line":5,"column":21}},"loc":{"start":{"line":5,"column":40},"end":{"line":32,"column":1}},"line":5},"1":{"name":"(anonymous_1)","decl":{"start":{"line":8,"column":21},"end":{"line":8,"column":22}},"loc":{"start":{"line":8,"column":40},"end":{"line":10,"column":9}},"line":8},"2":{"name":"(anonymous_2)","decl":{"start":{"line":11,"column":18},"end":{"line":11,"column":19}},"loc":{"start":{"line":11,"column":37},"end":{"line":13,"column":9}},"line":11},"3":{"name":"(anonymous_3)","decl":{"start":{"line":18,"column":25},"end":{"line":18,"column":26}},"loc":{"start":{"line":18,"column":40},"end":{"line":28,"column":9}},"line":18},"4":{"name":"(anonymous_4)","decl":{"start":{"line":34,"column":19},"end":{"line":34,"column":20}},"loc":{"start":{"line":34,"column":39},"end":{"line":43,"column":1}},"line":34},"5":{"name":"(anonymous_5)","decl":{"start":{"line":45,"column":20},"end":{"line":45,"column":21}},"loc":{"start":{"line":45,"column":40},"end":{"line":54,"column":1}},"line":45},"6":{"name":"(anonymous_6)","decl":{"start":{"line":56,"column":19},"end":{"line":56,"column":20}},"loc":{"start":{"line":56,"column":39},"end":{"line":68,"column":1}},"line":56},"7":{"name":"(anonymous_7)","decl":{"start":{"line":70,"column":24},"end":{"line":70,"column":25}},"loc":{"start":{"line":70,"column":44},"end":{"line":81,"column":1}},"line":70},"8":{"name":"(anonymous_8)","decl":{"start":{"line":83,"column":18},"end":{"line":83,"column":19}},"loc":{"start":{"line":83,"column":38},"end":{"line":86,"column":1}},"line":83},"9":{"name":"(anonymous_9)","decl":{"start":{"line":88,"column":25},"end":{"line":88,"column":26}},"loc":{"start":{"line":88,"column":45},"end":{"line":92,"column":1}},"line":88}},"branchMap":{"0":{"loc":{"start":{"line":37,"column":8},"end":{"line":39,"column":9}},"type":"if","locations":[{"start":{"line":37,"column":8},"end":{"line":39,"column":9}},{"start":{},"end":{}}],"line":37},"1":{"loc":{"start":{"line":58,"column":4},"end":{"line":67,"column":5}},"type":"if","locations":[{"start":{"line":58,"column":4},"end":{"line":67,"column":5}},{"start":{"line":65,"column":11},"end":{"line":67,"column":5}}],"line":58},"2":{"loc":{"start":{"line":75,"column":8},"end":{"line":77,"column":9}},"type":"if","locations":[{"start":{"line":75,"column":8},"end":{"line":77,"column":9}},{"start":{},"end":{}}],"line":75}},"s":{"0":4,"1":4,"2":4,"3":4,"4":0,"5":0,"6":0,"7":0,"8":0,"9":0,"10":0,"11":0,"12":0,"13":0,"14":0,"15":0,"16":0,"17":4,"18":0,"19":0,"20":0,"21":0,"22":0,"23":4,"24":0,"25":0,"26":0,"27":0,"28":0,"29":0,"30":4,"31":0,"32":0,"33":0,"34":0,"35":0,"36":0,"37":0,"38":4,"39":0,"40":0,"41":0,"42":0,"43":0,"44":0,"45":0,"46":4,"47":0,"48":0,"49":4,"50":0,"51":0,"52":0,"53":4},"f":{"0":0,"1":0,"2":0,"3":0,"4":0,"5":0,"6":0,"7":0,"8":0,"9":0},"b":{"0":[0,0],"1":[0,0],"2":[0,0]},"_coverageSchema":"1a1c01bbd47fc00a2c39e90264f33305004495a9","hash":"86c82fb4849c7a75f2b0f8af1e7492ab0c22c2e8"}
,"/Users/hoank/Documents/baiTapLan2/src/modules/users/user.controller.js": {"path":"/Users/hoank/Documents/baiTapLan2/src/modules/users/user.controller.js","statementMap":{"0":{"start":{"line":1,"column":20},"end":{"line":1,"column":45}},"1":{"start":{"line":2,"column":20},"end":{"line":2,"column":61}},"2":{"start":{"line":4,"column":17},"end":{"line":11,"column":1}},"3":{"start":{"line":5,"column":4},"end":{"line":10,"column":5}},"4":{"start":{"line":6,"column":25},"end":{"line":6,"column":61}},"5":{"start":{"line":7,"column":8},"end":{"line":7,"column":39}},"6":{"start":{"line":9,"column":8},"end":{"line":9,"column":20}},"7":{"start":{"line":13,"column":23},"end":{"line":20,"column":1}},"8":{"start":{"line":14,"column":4},"end":{"line":19,"column":5}},"9":{"start":{"line":15,"column":8},"end":{"line":15,"column":51}},"10":{"start":{"line":16,"column":8},"end":{"line":16,"column":80}},"11":{"start":{"line":18,"column":8},"end":{"line":18,"column":20}},"12":{"start":{"line":22,"column":29},"end":{"line":29,"column":1}},"13":{"start":{"line":23,"column":4},"end":{"line":28,"column":5}},"14":{"start":{"line":24,"column":20},"end":{"line":24,"column":68}},"15":{"start":{"line":25,"column":8},"end":{"line":25,"column":61}},"16":{"start":{"line":27,"column":8},"end":{"line":27,"column":20}},"17":{"start":{"line":31,"column":23},"end":{"line":38,"column":1}},"18":{"start":{"line":32,"column":4},"end":{"line":37,"column":5}},"19":{"start":{"line":33,"column":8},"end":{"line":33,"column":51}},"20":{"start":{"line":34,"column":8},"end":{"line":34,"column":57}},"21":{"start":{"line":36,"column":8},"end":{"line":36,"column":20}},"22":{"start":{"line":40,"column":19},"end":{"line":47,"column":1}},"23":{"start":{"line":41,"column":4},"end":{"line":46,"column":5}},"24":{"start":{"line":42,"column":8},"end":{"line":42,"column":47}},"25":{"start":{"line":43,"column":8},"end":{"line":43,"column":50}},"26":{"start":{"line":45,"column":8},"end":{"line":45,"column":20}},"27":{"start":{"line":49,"column":0},"end":{"line":55,"column":2}}},"fnMap":{"0":{"name":"(anonymous_0)","decl":{"start":{"line":4,"column":17},"end":{"line":4,"column":18}},"loc":{"start":{"line":4,"column":43},"end":{"line":11,"column":1}},"line":4},"1":{"name":"(anonymous_1)","decl":{"start":{"line":13,"column":23},"end":{"line":13,"column":24}},"loc":{"start":{"line":13,"column":49},"end":{"line":20,"column":1}},"line":13},"2":{"name":"(anonymous_2)","decl":{"start":{"line":22,"column":29},"end":{"line":22,"column":30}},"loc":{"start":{"line":22,"column":55},"end":{"line":29,"column":1}},"line":22},"3":{"name":"(anonymous_3)","decl":{"start":{"line":31,"column":23},"end":{"line":31,"column":24}},"loc":{"start":{"line":31,"column":49},"end":{"line":38,"column":1}},"line":31},"4":{"name":"(anonymous_4)","decl":{"start":{"line":40,"column":19},"end":{"line":40,"column":20}},"loc":{"start":{"line":40,"column":45},"end":{"line":47,"column":1}},"line":40}},"branchMap":{},"s":{"0":4,"1":4,"2":4,"3":2,"4":2,"5":1,"6":1,"7":4,"8":2,"9":2,"10":1,"11":1,"12":4,"13":2,"14":2,"15":1,"16":1,"17":4,"18":2,"19":2,"20":1,"21":1,"22":4,"23":2,"24":2,"25":1,"26":1,"27":4},"f":{"0":2,"1":2,"2":2,"3":2,"4":2},"b":{},"_coverageSchema":"1a1c01bbd47fc00a2c39e90264f33305004495a9","hash":"77cc47c2aa3570b99dba6d4173b3ea9e0e0decb6"}
,"/Users/hoank/Documents/baiTapLan2/src/modules/users/user.model.js": {"path":"/Users/hoank/Documents/baiTapLan2/src/modules/users/user.model.js","statementMap":{"0":{"start":{"line":1,"column":17},"end":{"line":1,"column":36}},"1":{"start":{"line":3,"column":15},"end":{"line":3,"column":30}},"2":{"start":{"line":4,"column":19},"end":{"line":28,"column":1}},"3":{"start":{"line":30,"column":19},"end":{"line":30,"column":53}},"4":{"start":{"line":31,"column":0},"end":{"line":31,"column":28}}},"fnMap":{},"branchMap":{},"s":{"0":12,"1":12,"2":12,"3":12,"4":12},"f":{},"b":{},"_coverageSchema":"1a1c01bbd47fc00a2c39e90264f33305004495a9","hash":"ac937ba4dadb150801c54f7446605f6cb1d9bd11"}
,"/Users/hoank/Documents/baiTapLan2/src/modules/users/user.repository.js": {"path":"/Users/hoank/Documents/baiTapLan2/src/modules/users/user.repository.js","statementMap":{"0":{"start":{"line":1,"column":26},"end":{"line":1,"column":64}},"1":{"start":{"line":2,"column":18},"end":{"line":2,"column":41}},"2":{"start":{"line":5,"column":27},"end":{"line":5,"column":64}},"3":{"start":{"line":6,"column":4},"end":{"line":6,"column":26}},"4":{"start":{"line":10,"column":25},"end":{"line":10,"column":70}},"5":{"start":{"line":11,"column":4},"end":{"line":11,"column":30}},"6":{"start":{"line":15,"column":24},"end":{"line":15,"column":59}},"7":{"start":{"line":16,"column":4},"end":{"line":16,"column":29}},"8":{"start":{"line":20,"column":4},"end":{"line":20,"column":70}},"9":{"start":{"line":24,"column":4},"end":{"line":28,"column":5}},"10":{"start":{"line":25,"column":8},"end":{"line":25,"column":65}},"11":{"start":{"line":27,"column":8},"end":{"line":27,"column":65}},"12":{"start":{"line":32,"column":20},"end":{"line":32,"column":43}},"13":{"start":{"line":33,"column":4},"end":{"line":33,"column":25}},"14":{"start":{"line":34,"column":4},"end":{"line":34,"column":16}},"15":{"start":{"line":38,"column":34},"end":{"line":38,"column":71}},"16":{"start":{"line":39,"column":4},"end":{"line":39,"column":42}},"17":{"start":{"line":43,"column":4},"end":{"line":43,"column":74}},"18":{"start":{"line":52,"column":0},"end":{"line":62,"column":2}}},"fnMap":{"0":{"name":"findUserInfo","decl":{"start":{"line":4,"column":15},"end":{"line":4,"column":27}},"loc":{"start":{"line":4,"column":38},"end":{"line":7,"column":1}},"line":4},"1":{"name":"checkExistAcc","decl":{"start":{"line":9,"column":15},"end":{"line":9,"column":28}},"loc":{"start":{"line":9,"column":49},"end":{"line":12,"column":1}},"line":9},"2":{"name":"checkExistUsername","decl":{"start":{"line":14,"column":15},"end":{"line":14,"column":33}},"loc":{"start":{"line":14,"column":44},"end":{"line":17,"column":1}},"line":14},"3":{"name":"addTokenForUser","decl":{"start":{"line":19,"column":15},"end":{"line":19,"column":30}},"loc":{"start":{"line":19,"column":48},"end":{"line":21,"column":1}},"line":19},"4":{"name":"updateParam","decl":{"start":{"line":23,"column":15},"end":{"line":23,"column":26}},"loc":{"start":{"line":23,"column":44},"end":{"line":29,"column":1}},"line":23},"5":{"name":"createNewUser","decl":{"start":{"line":31,"column":15},"end":{"line":31,"column":28}},"loc":{"start":{"line":31,"column":39},"end":{"line":35,"column":1}},"line":31},"6":{"name":"checkActiveUser","decl":{"start":{"line":37,"column":15},"end":{"line":37,"column":30}},"loc":{"start":{"line":37,"column":41},"end":{"line":40,"column":1}},"line":37},"7":{"name":"activeUser","decl":{"start":{"line":42,"column":15},"end":{"line":42,"column":25}},"loc":{"start":{"line":42,"column":36},"end":{"line":44,"column":1}},"line":42}},"branchMap":{},"s":{"0":12,"1":12,"2":0,"3":0,"4":0,"5":0,"6":0,"7":0,"8":0,"9":0,"10":0,"11":0,"12":0,"13":0,"14":0,"15":0,"16":0,"17":0,"18":12},"f":{"0":0,"1":0,"2":0,"3":0,"4":0,"5":0,"6":0,"7":0},"b":{},"_coverageSchema":"1a1c01bbd47fc00a2c39e90264f33305004495a9","hash":"1cea2a0f9dffb655682903115a1aa03c761aefe1"}
,"/Users/hoank/Documents/baiTapLan2/src/modules/users/user.route.js": {"path":"/Users/hoank/Documents/baiTapLan2/src/modules/users/user.route.js","statementMap":{"0":{"start":{"line":1,"column":16},"end":{"line":1,"column":34}},"1":{"start":{"line":2,"column":23},"end":{"line":2,"column":51}},"2":{"start":{"line":3,"column":25},"end":{"line":3,"column":67}},"3":{"start":{"line":5,"column":14},"end":{"line":5,"column":30}},"4":{"start":{"line":7,"column":0},"end":{"line":7,"column":89}},"5":{"start":{"line":9,"column":0},"end":{"line":9,"column":68}},"6":{"start":{"line":11,"column":0},"end":{"line":11,"column":81}},"7":{"start":{"line":13,"column":0},"end":{"line":13,"column":103}},"8":{"start":{"line":15,"column":0},"end":{"line":15,"column":95}},"9":{"start":{"line":17,"column":0},"end":{"line":19,"column":2}}},"fnMap":{},"branchMap":{},"s":{"0":4,"1":4,"2":4,"3":4,"4":4,"5":4,"6":4,"7":4,"8":4,"9":4},"f":{},"b":{},"_coverageSchema":"1a1c01bbd47fc00a2c39e90264f33305004495a9","hash":"f9171518ea95f6985bf0136c991777706d2f2b05"}
,"/Users/hoank/Documents/baiTapLan2/src/modules/users/user.service.js": {"path":"/Users/hoank/Documents/baiTapLan2/src/modules/users/user.service.js","statementMap":{"0":{"start":{"line":1,"column":15},"end":{"line":1,"column":35}},"1":{"start":{"line":2,"column":17},"end":{"line":2,"column":45}},"2":{"start":{"line":3,"column":26},"end":{"line":3,"column":64}},"3":{"start":{"line":4,"column":20},"end":{"line":4,"column":60}},"4":{"start":{"line":7,"column":21},"end":{"line":7,"column":67}},"5":{"start":{"line":8,"column":21},"end":{"line":14,"column":5}},"6":{"start":{"line":15,"column":4},"end":{"line":15,"column":20}},"7":{"start":{"line":19,"column":25},"end":{"line":19,"column":33}},"8":{"start":{"line":20,"column":21},"end":{"line":20,"column":58}},"9":{"start":{"line":21,"column":4},"end":{"line":23,"column":5}},"10":{"start":{"line":22,"column":8},"end":{"line":22,"column":68}},"11":{"start":{"line":24,"column":4},"end":{"line":24,"column":51}},"12":{"start":{"line":28,"column":4},"end":{"line":49,"column":5}},"13":{"start":{"line":29,"column":25},"end":{"line":29,"column":42}},"14":{"start":{"line":30,"column":42},"end":{"line":30,"column":50}},"15":{"start":{"line":32,"column":34},"end":{"line":32,"column":82}},"16":{"start":{"line":33,"column":34},"end":{"line":33,"column":85}},"17":{"start":{"line":34,"column":21},"end":{"line":34,"column":58}},"18":{"start":{"line":35,"column":8},"end":{"line":43,"column":9}},"19":{"start":{"line":36,"column":12},"end":{"line":36,"column":76}},"20":{"start":{"line":37,"column":15},"end":{"line":43,"column":9}},"21":{"start":{"line":38,"column":12},"end":{"line":38,"column":95}},"22":{"start":{"line":39,"column":15},"end":{"line":43,"column":9}},"23":{"start":{"line":40,"column":12},"end":{"line":40,"column":93}},"24":{"start":{"line":42,"column":12},"end":{"line":42,"column":88}},"25":{"start":{"line":45,"column":8},"end":{"line":47,"column":9}},"26":{"start":{"line":46,"column":12},"end":{"line":46,"column":24}},"27":{"start":{"line":48,"column":8},"end":{"line":48,"column":84}},"28":{"start":{"line":53,"column":4},"end":{"line":65,"column":5}},"29":{"start":{"line":54,"column":22},"end":{"line":54,"column":30}},"30":{"start":{"line":55,"column":8},"end":{"line":57,"column":9}},"31":{"start":{"line":56,"column":12},"end":{"line":56,"column":82}},"32":{"start":{"line":58,"column":8},"end":{"line":58,"column":55}},"33":{"start":{"line":60,"column":8},"end":{"line":60,"column":27}},"34":{"start":{"line":61,"column":8},"end":{"line":63,"column":9}},"35":{"start":{"line":62,"column":12},"end":{"line":62,"column":24}},"36":{"start":{"line":64,"column":8},"end":{"line":64,"column":55}},"37":{"start":{"line":68,"column":0},"end":{"line":73,"column":2}}},"fnMap":{"0":{"name":"showInfo","decl":{"start":{"line":6,"column":15},"end":{"line":6,"column":23}},"loc":{"start":{"line":6,"column":34},"end":{"line":16,"column":1}},"line":6},"1":{"name":"forgotPassword","decl":{"start":{"line":18,"column":15},"end":{"line":18,"column":29}},"loc":{"start":{"line":18,"column":40},"end":{"line":25,"column":1}},"line":18},"2":{"name":"changePassword","decl":{"start":{"line":27,"column":15},"end":{"line":27,"column":29}},"loc":{"start":{"line":27,"column":40},"end":{"line":50,"column":1}},"line":27},"3":{"name":"changeInfo","decl":{"start":{"line":52,"column":15},"end":{"line":52,"column":25}},"loc":{"start":{"line":52,"column":36},"end":{"line":66,"column":1}},"line":52}},"branchMap":{"0":{"loc":{"start":{"line":21,"column":4},"end":{"line":23,"column":5}},"type":"if","locations":[{"start":{"line":21,"column":4},"end":{"line":23,"column":5}},{"start":{},"end":{}}],"line":21},"1":{"loc":{"start":{"line":35,"column":8},"end":{"line":43,"column":9}},"type":"if","locations":[{"start":{"line":35,"column":8},"end":{"line":43,"column":9}},{"start":{"line":37,"column":15},"end":{"line":43,"column":9}}],"line":35},"2":{"loc":{"start":{"line":37,"column":15},"end":{"line":43,"column":9}},"type":"if","locations":[{"start":{"line":37,"column":15},"end":{"line":43,"column":9}},{"start":{"line":39,"column":15},"end":{"line":43,"column":9}}],"line":37},"3":{"loc":{"start":{"line":39,"column":15},"end":{"line":43,"column":9}},"type":"if","locations":[{"start":{"line":39,"column":15},"end":{"line":43,"column":9}},{"start":{"line":41,"column":15},"end":{"line":43,"column":9}}],"line":39},"4":{"loc":{"start":{"line":45,"column":8},"end":{"line":47,"column":9}},"type":"if","locations":[{"start":{"line":45,"column":8},"end":{"line":47,"column":9}},{"start":{},"end":{}}],"line":45},"5":{"loc":{"start":{"line":55,"column":8},"end":{"line":57,"column":9}},"type":"if","locations":[{"start":{"line":55,"column":8},"end":{"line":57,"column":9}},{"start":{},"end":{}}],"line":55},"6":{"loc":{"start":{"line":55,"column":12},"end":{"line":55,"column":76}},"type":"binary-expr","locations":[{"start":{"line":55,"column":12},"end":{"line":55,"column":42}},{"start":{"line":55,"column":46},"end":{"line":55,"column":76}}],"line":55},"7":{"loc":{"start":{"line":61,"column":8},"end":{"line":63,"column":9}},"type":"if","locations":[{"start":{"line":61,"column":8},"end":{"line":63,"column":9}},{"start":{},"end":{}}],"line":61}},"s":{"0":4,"1":4,"2":4,"3":4,"4":0,"5":0,"6":0,"7":0,"8":0,"9":0,"10":0,"11":0,"12":0,"13":0,"14":0,"15":0,"16":0,"17":0,"18":0,"19":0,"20":0,"21":0,"22":0,"23":0,"24":0,"25":0,"26":0,"27":0,"28":0,"29":0,"30":0,"31":0,"32":0,"33":0,"34":0,"35":0,"36":0,"37":4},"f":{"0":0,"1":0,"2":0,"3":0},"b":{"0":[0,0],"1":[0,0],"2":[0,0],"3":[0,0],"4":[0,0],"5":[0,0],"6":[0,0],"7":[0,0]},"_coverageSchema":"1a1c01bbd47fc00a2c39e90264f33305004495a9","hash":"e004f488e44050a186d97a6cacaee9b2345aa7f5"}
,"/Users/hoank/Documents/baiTapLan2/src/modules/users-albums/user-album.controller.js": {"path":"/Users/hoank/Documents/baiTapLan2/src/modules/users-albums/user-album.controller.js","statementMap":{"0":{"start":{"line":1,"column":25},"end":{"line":1,"column":56}},"1":{"start":{"line":3,"column":22},"end":{"line":10,"column":1}},"2":{"start":{"line":4,"column":4},"end":{"line":9,"column":5}},"3":{"start":{"line":5,"column":8},"end":{"line":5,"column":55}},"4":{"start":{"line":6,"column":8},"end":{"line":6,"column":50}},"5":{"start":{"line":8,"column":8},"end":{"line":8,"column":20}},"6":{"start":{"line":12,"column":28},"end":{"line":19,"column":1}},"7":{"start":{"line":13,"column":4},"end":{"line":18,"column":5}},"8":{"start":{"line":14,"column":8},"end":{"line":14,"column":61}},"9":{"start":{"line":15,"column":8},"end":{"line":15,"column":50}},"10":{"start":{"line":17,"column":8},"end":{"line":17,"column":20}},"11":{"start":{"line":20,"column":0},"end":{"line":23,"column":2}}},"fnMap":{"0":{"name":"(anonymous_0)","decl":{"start":{"line":3,"column":22},"end":{"line":3,"column":23}},"loc":{"start":{"line":3,"column":48},"end":{"line":10,"column":1}},"line":3},"1":{"name":"(anonymous_1)","decl":{"start":{"line":12,"column":28},"end":{"line":12,"column":29}},"loc":{"start":{"line":12,"column":54},"end":{"line":19,"column":1}},"line":12}},"branchMap":{},"s":{"0":4,"1":4,"2":2,"3":2,"4":1,"5":1,"6":4,"7":2,"8":2,"9":1,"10":1,"11":4},"f":{"0":2,"1":2},"b":{},"_coverageSchema":"1a1c01bbd47fc00a2c39e90264f33305004495a9","hash":"3fd7c43efced6e1c9d447e269287ad1cbd04b003"}
,"/Users/hoank/Documents/baiTapLan2/src/modules/users-albums/user-album.model.js": {"path":"/Users/hoank/Documents/baiTapLan2/src/modules/users-albums/user-album.model.js","statementMap":{"0":{"start":{"line":1,"column":17},"end":{"line":1,"column":36}},"1":{"start":{"line":3,"column":15},"end":{"line":3,"column":30}},"2":{"start":{"line":4,"column":19},"end":{"line":11,"column":1}},"3":{"start":{"line":13,"column":23},"end":{"line":13,"column":64}},"4":{"start":{"line":14,"column":0},"end":{"line":14,"column":32}}},"fnMap":{},"branchMap":{},"s":{"0":7,"1":7,"2":7,"3":7,"4":7},"f":{},"b":{},"_coverageSchema":"1a1c01bbd47fc00a2c39e90264f33305004495a9","hash":"7d08f9be166154d401d6ddf87270e4f532e2edf4"}
,"/Users/hoank/Documents/baiTapLan2/src/modules/users-albums/user-album.repository.js": {"path":"/Users/hoank/Documents/baiTapLan2/src/modules/users-albums/user-album.repository.js","statementMap":{"0":{"start":{"line":1,"column":23},"end":{"line":1,"column":52}},"1":{"start":{"line":3,"column":24},"end":{"line":7,"column":1}},"2":{"start":{"line":4,"column":4},"end":{"line":4,"column":29}},"3":{"start":{"line":5,"column":25},"end":{"line":5,"column":72}},"4":{"start":{"line":6,"column":4},"end":{"line":6,"column":30}},"5":{"start":{"line":9,"column":20},"end":{"line":13,"column":1}},"6":{"start":{"line":10,"column":25},"end":{"line":10,"column":76}},"7":{"start":{"line":11,"column":4},"end":{"line":11,"column":30}},"8":{"start":{"line":12,"column":4},"end":{"line":12,"column":24}},"9":{"start":{"line":15,"column":24},"end":{"line":17,"column":1}},"10":{"start":{"line":16,"column":4},"end":{"line":16,"column":43}},"11":{"start":{"line":19,"column":31},"end":{"line":22,"column":1}},"12":{"start":{"line":20,"column":29},"end":{"line":20,"column":78}},"13":{"start":{"line":21,"column":4},"end":{"line":21,"column":34}},"14":{"start":{"line":24,"column":26},"end":{"line":27,"column":1}},"15":{"start":{"line":25,"column":29},"end":{"line":25,"column":78}},"16":{"start":{"line":26,"column":4},"end":{"line":26,"column":34}},"17":{"start":{"line":29,"column":28},"end":{"line":31,"column":1}},"18":{"start":{"line":30,"column":4},"end":{"line":30,"column":55}},"19":{"start":{"line":33,"column":0},"end":{"line":40,"column":2}}},"fnMap":{"0":{"name":"(anonymous_0)","decl":{"start":{"line":3,"column":24},"end":{"line":3,"column":25}},"loc":{"start":{"line":3,"column":59},"end":{"line":7,"column":1}},"line":3},"1":{"name":"(anonymous_1)","decl":{"start":{"line":9,"column":20},"end":{"line":9,"column":21}},"loc":{"start":{"line":9,"column":49},"end":{"line":13,"column":1}},"line":9},"2":{"name":"(anonymous_2)","decl":{"start":{"line":15,"column":24},"end":{"line":15,"column":25}},"loc":{"start":{"line":15,"column":38},"end":{"line":17,"column":1}},"line":15},"3":{"name":"(anonymous_3)","decl":{"start":{"line":19,"column":31},"end":{"line":19,"column":32}},"loc":{"start":{"line":19,"column":60},"end":{"line":22,"column":1}},"line":19},"4":{"name":"(anonymous_4)","decl":{"start":{"line":24,"column":26},"end":{"line":24,"column":27}},"loc":{"start":{"line":24,"column":55},"end":{"line":27,"column":1}},"line":24},"5":{"name":"(anonymous_5)","decl":{"start":{"line":29,"column":28},"end":{"line":29,"column":29}},"loc":{"start":{"line":29,"column":57},"end":{"line":31,"column":1}},"line":29}},"branchMap":{},"s":{"0":7,"1":7,"2":0,"3":0,"4":0,"5":7,"6":0,"7":0,"8":0,"9":7,"10":0,"11":7,"12":0,"13":0,"14":7,"15":0,"16":0,"17":7,"18":0,"19":7},"f":{"0":0,"1":0,"2":0,"3":0,"4":0,"5":0},"b":{},"_coverageSchema":"1a1c01bbd47fc00a2c39e90264f33305004495a9","hash":"8ee23041823091d6052afe7216b0c297f2c9e273"}
,"/Users/hoank/Documents/baiTapLan2/src/modules/users-albums/user-album.route.js": {"path":"/Users/hoank/Documents/baiTapLan2/src/modules/users-albums/user-album.route.js","statementMap":{"0":{"start":{"line":1,"column":16},"end":{"line":1,"column":34}},"1":{"start":{"line":2,"column":25},"end":{"line":2,"column":67}},"2":{"start":{"line":3,"column":28},"end":{"line":3,"column":62}},"3":{"start":{"line":5,"column":14},"end":{"line":5,"column":30}},"4":{"start":{"line":7,"column":0},"end":{"line":7,"column":98}},"5":{"start":{"line":9,"column":0},"end":{"line":9,"column":106}},"6":{"start":{"line":11,"column":0},"end":{"line":13,"column":2}}},"fnMap":{},"branchMap":{},"s":{"0":4,"1":4,"2":4,"3":4,"4":4,"5":4,"6":4},"f":{},"b":{},"_coverageSchema":"1a1c01bbd47fc00a2c39e90264f33305004495a9","hash":"f1e0f514358fbaf8eaebc14e6881592bbc198635"}
,"/Users/hoank/Documents/baiTapLan2/src/modules/users-albums/user-album.service.js": {"path":"/Users/hoank/Documents/baiTapLan2/src/modules/users-albums/user-album.service.js","statementMap":{"0":{"start":{"line":1,"column":22},"end":{"line":1,"column":56}},"1":{"start":{"line":2,"column":26},"end":{"line":2,"column":64}},"2":{"start":{"line":3,"column":17},"end":{"line":3,"column":52}},"3":{"start":{"line":4,"column":21},"end":{"line":4,"column":55}},"4":{"start":{"line":6,"column":24},"end":{"line":12,"column":1}},"5":{"start":{"line":7,"column":4},"end":{"line":11,"column":5}},"6":{"start":{"line":8,"column":8},"end":{"line":8,"column":47}},"7":{"start":{"line":10,"column":8},"end":{"line":10,"column":56}},"8":{"start":{"line":14,"column":21},"end":{"line":27,"column":1}},"9":{"start":{"line":15,"column":4},"end":{"line":26,"column":5}},"10":{"start":{"line":16,"column":40},"end":{"line":16,"column":83}},"11":{"start":{"line":17,"column":8},"end":{"line":19,"column":9}},"12":{"start":{"line":18,"column":12},"end":{"line":18,"column":68}},"13":{"start":{"line":21,"column":8},"end":{"line":25,"column":9}},"14":{"start":{"line":22,"column":12},"end":{"line":22,"column":24}},"15":{"start":{"line":24,"column":12},"end":{"line":24,"column":71}},"16":{"start":{"line":30,"column":31},"end":{"line":43,"column":1}},"17":{"start":{"line":31,"column":4},"end":{"line":42,"column":5}},"18":{"start":{"line":32,"column":23},"end":{"line":32,"column":101}},"19":{"start":{"line":33,"column":8},"end":{"line":35,"column":9}},"20":{"start":{"line":34,"column":12},"end":{"line":34,"column":72}},"21":{"start":{"line":37,"column":8},"end":{"line":41,"column":9}},"22":{"start":{"line":38,"column":12},"end":{"line":38,"column":24}},"23":{"start":{"line":40,"column":12},"end":{"line":40,"column":102}},"24":{"start":{"line":45,"column":22},"end":{"line":64,"column":1}},"25":{"start":{"line":46,"column":4},"end":{"line":63,"column":5}},"26":{"start":{"line":47,"column":8},"end":{"line":47,"column":45}},"27":{"start":{"line":48,"column":8},"end":{"line":48,"column":47}},"28":{"start":{"line":49,"column":8},"end":{"line":49,"column":49}},"29":{"start":{"line":50,"column":8},"end":{"line":50,"column":35}},"30":{"start":{"line":51,"column":8},"end":{"line":53,"column":9}},"31":{"start":{"line":52,"column":12},"end":{"line":52,"column":107}},"32":{"start":{"line":54,"column":37},"end":{"line":54,"column":45}},"33":{"start":{"line":55,"column":21},"end":{"line":55,"column":30}},"34":{"start":{"line":56,"column":8},"end":{"line":56,"column":68}},"35":{"start":{"line":58,"column":8},"end":{"line":62,"column":9}},"36":{"start":{"line":59,"column":12},"end":{"line":59,"column":24}},"37":{"start":{"line":61,"column":12},"end":{"line":61,"column":68}},"38":{"start":{"line":66,"column":28},"end":{"line":86,"column":1}},"39":{"start":{"line":67,"column":4},"end":{"line":85,"column":5}},"40":{"start":{"line":68,"column":8},"end":{"line":68,"column":49}},"41":{"start":{"line":69,"column":8},"end":{"line":71,"column":9}},"42":{"start":{"line":70,"column":12},"end":{"line":70,"column":109}},"43":{"start":{"line":72,"column":24},"end":{"line":72,"column":40}},"44":{"start":{"line":73,"column":25},"end":{"line":73,"column":42}},"45":{"start":{"line":74,"column":19},"end":{"line":74,"column":75}},"46":{"start":{"line":75,"column":8},"end":{"line":77,"column":9}},"47":{"start":{"line":76,"column":12},"end":{"line":76,"column":76}},"48":{"start":{"line":78,"column":8},"end":{"line":78,"column":61}},"49":{"start":{"line":80,"column":8},"end":{"line":84,"column":9}},"50":{"start":{"line":81,"column":12},"end":{"line":81,"column":24}},"51":{"start":{"line":83,"column":12},"end":{"line":83,"column":68}},"52":{"start":{"line":88,"column":24},"end":{"line":98,"column":1}},"53":{"start":{"line":89,"column":4},"end":{"line":97,"column":5}},"54":{"start":{"line":90,"column":8},"end":{"line":90,"column":91}},"55":{"start":{"line":92,"column":8},"end":{"line":96,"column":9}},"56":{"start":{"line":93,"column":12},"end":{"line":93,"column":24}},"57":{"start":{"line":95,"column":12},"end":{"line":95,"column":68}},"58":{"start":{"line":100,"column":0},"end":{"line":105,"column":2}}},"fnMap":{"0":{"name":"(anonymous_0)","decl":{"start":{"line":6,"column":24},"end":{"line":6,"column":25}},"loc":{"start":{"line":6,"column":43},"end":{"line":12,"column":1}},"line":6},"1":{"name":"(anonymous_1)","decl":{"start":{"line":14,"column":21},"end":{"line":14,"column":22}},"loc":{"start":{"line":14,"column":41},"end":{"line":27,"column":1}},"line":14},"2":{"name":"(anonymous_2)","decl":{"start":{"line":30,"column":31},"end":{"line":30,"column":32}},"loc":{"start":{"line":30,"column":51},"end":{"line":43,"column":1}},"line":30},"3":{"name":"(anonymous_3)","decl":{"start":{"line":45,"column":22},"end":{"line":45,"column":23}},"loc":{"start":{"line":45,"column":42},"end":{"line":64,"column":1}},"line":45},"4":{"name":"(anonymous_4)","decl":{"start":{"line":66,"column":28},"end":{"line":66,"column":29}},"loc":{"start":{"line":66,"column":48},"end":{"line":86,"column":1}},"line":66},"5":{"name":"(anonymous_5)","decl":{"start":{"line":88,"column":24},"end":{"line":88,"column":25}},"loc":{"start":{"line":88,"column":44},"end":{"line":98,"column":1}},"line":88}},"branchMap":{"0":{"loc":{"start":{"line":17,"column":8},"end":{"line":19,"column":9}},"type":"if","locations":[{"start":{"line":17,"column":8},"end":{"line":19,"column":9}},{"start":{},"end":{}}],"line":17},"1":{"loc":{"start":{"line":21,"column":8},"end":{"line":25,"column":9}},"type":"if","locations":[{"start":{"line":21,"column":8},"end":{"line":25,"column":9}},{"start":{"line":23,"column":15},"end":{"line":25,"column":9}}],"line":21},"2":{"loc":{"start":{"line":33,"column":8},"end":{"line":35,"column":9}},"type":"if","locations":[{"start":{"line":33,"column":8},"end":{"line":35,"column":9}},{"start":{},"end":{}}],"line":33},"3":{"loc":{"start":{"line":37,"column":8},"end":{"line":41,"column":9}},"type":"if","locations":[{"start":{"line":37,"column":8},"end":{"line":41,"column":9}},{"start":{"line":39,"column":15},"end":{"line":41,"column":9}}],"line":37},"4":{"loc":{"start":{"line":51,"column":8},"end":{"line":53,"column":9}},"type":"if","locations":[{"start":{"line":51,"column":8},"end":{"line":53,"column":9}},{"start":{},"end":{}}],"line":51},"5":{"loc":{"start":{"line":58,"column":8},"end":{"line":62,"column":9}},"type":"if","locations":[{"start":{"line":58,"column":8},"end":{"line":62,"column":9}},{"start":{"line":60,"column":15},"end":{"line":62,"column":9}}],"line":58},"6":{"loc":{"start":{"line":69,"column":8},"end":{"line":71,"column":9}},"type":"if","locations":[{"start":{"line":69,"column":8},"end":{"line":71,"column":9}},{"start":{},"end":{}}],"line":69},"7":{"loc":{"start":{"line":75,"column":8},"end":{"line":77,"column":9}},"type":"if","locations":[{"start":{"line":75,"column":8},"end":{"line":77,"column":9}},{"start":{},"end":{}}],"line":75},"8":{"loc":{"start":{"line":80,"column":8},"end":{"line":84,"column":9}},"type":"if","locations":[{"start":{"line":80,"column":8},"end":{"line":84,"column":9}},{"start":{"line":82,"column":15},"end":{"line":84,"column":9}}],"line":80},"9":{"loc":{"start":{"line":92,"column":8},"end":{"line":96,"column":9}},"type":"if","locations":[{"start":{"line":92,"column":8},"end":{"line":96,"column":9}},{"start":{"line":94,"column":15},"end":{"line":96,"column":9}}],"line":92}},"s":{"0":4,"1":4,"2":4,"3":4,"4":4,"5":0,"6":0,"7":0,"8":4,"9":0,"10":0,"11":0,"12":0,"13":0,"14":0,"15":0,"16":4,"17":0,"18":0,"19":0,"20":0,"21":0,"22":0,"23":0,"24":4,"25":0,"26":0,"27":0,"28":0,"29":0,"30":0,"31":0,"32":0,"33":0,"34":0,"35":0,"36":0,"37":0,"38":4,"39":0,"40":0,"41":0,"42":0,"43":0,"44":0,"45":0,"46":0,"47":0,"48":0,"49":0,"50":0,"51":0,"52":4,"53":0,"54":0,"55":0,"56":0,"57":0,"58":4},"f":{"0":0,"1":0,"2":0,"3":0,"4":0,"5":0},"b":{"0":[0,0],"1":[0,0],"2":[0,0],"3":[0,0],"4":[0,0],"5":[0,0],"6":[0,0],"7":[0,0],"8":[0,0],"9":[0,0]},"_coverageSchema":"1a1c01bbd47fc00a2c39e90264f33305004495a9","hash":"f279e0006016c3c898e7f984f4e905372b5b9cf6"}
}
