TN:
SF:src/app.js
FN:47,(anonymous_0)
FN:51,(anonymous_1)
FNF:2
FNH:2
FNDA:19,(anonymous_0)
FNDA:4,(anonymous_1)
DA:1,4
DA:2,4
DA:4,4
DA:5,4
DA:6,4
DA:7,4
DA:8,4
DA:9,4
DA:10,4
DA:11,4
DA:12,4
DA:13,4
DA:14,4
DA:15,4
DA:17,4
DA:36,4
DA:37,4
DA:38,4
DA:39,4
DA:40,4
DA:41,4
DA:42,4
DA:45,4
DA:47,4
DA:48,19
DA:51,4
DA:52,4
DA:55,4
LF:28
LH:28
BRF:0
BRH:0
end_of_record
TN:
SF:src/common/createOTP.js
FN:1,randomOTP
FNF:1
FNH:0
FNDA:0,randomOTP
DA:2,0
DA:4,6
LF:2
LH:1
BRF:0
BRH:0
end_of_record
TN:
SF:src/configs/database.js
FN:9,(anonymous_0)
FNF:1
FNH:0
FNDA:0,(anonymous_0)
DA:1,4
DA:3,4
DA:9,0
DA:11,4
LF:4
LH:3
BRF:0
BRH:0
end_of_record
TN:
SF:src/errors/error-handling.js
FN:6,(anonymous_0)
FNF:1
FNH:1
FNDA:4,(anonymous_0)
DA:7,4
DA:8,4
DA:9,4
DA:13,13
LF:4
LH:4
BRF:0
BRH:0
end_of_record
TN:
SF:src/helpers/helper.jwt.js
FN:3,verifyAccessToken
FN:7,decodeAccessToken
FNF:2
FNH:0
FNDA:0,verifyAccessToken
FNDA:0,decodeAccessToken
DA:1,7
DA:4,0
DA:8,0
DA:11,7
LF:4
LH:2
BRF:0
BRH:0
end_of_record
TN:
SF:src/helpers/helper.middleware.js
FN:5,(anonymous_0)
FNF:1
FNH:0
FNDA:0,(anonymous_0)
DA:1,4
DA:2,4
DA:3,4
DA:5,4
DA:6,0
DA:7,0
DA:8,0
DA:9,0
DA:11,0
DA:12,0
DA:14,0
DA:15,0
DA:16,0
DA:17,0
DA:18,0
DA:20,0
DA:22,0
DA:23,0
DA:25,0
DA:30,4
LF:20
LH:5
BRDA:8,0,0,0
BRDA:8,0,1,0
BRDA:11,1,0,0
BRDA:11,1,1,0
BRDA:17,2,0,0
BRDA:17,2,1,0
BRDA:22,3,0,0
BRDA:22,3,1,0
BRF:8
BRH:0
end_of_record
TN:
SF:src/helpers/helper.sendMail.js
FN:5,sendMail
FNF:1
FNH:0
FNDA:0,sendMail
DA:1,6
DA:2,6
DA:3,6
DA:6,0
DA:7,0
DA:16,0
DA:17,0
DA:18,0
DA:19,0
DA:20,0
DA:28,6
LF:11
LH:4
BRF:0
BRH:0
end_of_record
TN:
SF:src/modules/albums/album.controller.js
FN:6,(anonymous_0)
FN:16,(anonymous_1)
FN:25,(anonymous_2)
FN:36,(anonymous_3)
FNF:4
FNH:4
FNDA:2,(anonymous_0)
FNDA:2,(anonymous_1)
FNDA:2,(anonymous_2)
FNDA:3,(anonymous_3)
DA:1,4
DA:2,4
DA:3,4
DA:4,4
DA:6,4
DA:7,2
DA:8,2
DA:9,1
DA:10,1
DA:12,1
DA:16,4
DA:17,2
DA:18,2
DA:19,1
DA:21,1
DA:25,4
DA:26,2
DA:27,2
DA:28,2
DA:29,2
DA:30,1
DA:32,1
DA:36,4
DA:37,3
DA:38,3
DA:39,1
DA:40,1
DA:44,1
DA:45,1
DA:46,1
DA:48,2
DA:49,1
DA:51,1
DA:56,4
LF:34
LH:34
BRDA:48,0,0,1
BRDA:48,0,1,1
BRF:2
BRH:2
end_of_record
TN:
SF:src/modules/albums/album.model.js
FNF:0
FNH:0
DA:1,5
DA:3,5
DA:4,5
DA:13,5
DA:14,5
LF:5
LH:5
BRF:0
BRH:0
end_of_record
TN:
SF:src/modules/albums/album.repository.js
FN:6,(anonymous_0)
FN:12,(anonymous_1)
FN:18,(anonymous_2)
FN:21,(anonymous_3)
FN:27,(anonymous_4)
FN:31,(anonymous_5)
FNF:6
FNH:0
FNDA:0,(anonymous_0)
FNDA:0,(anonymous_1)
FNDA:0,(anonymous_2)
FNDA:0,(anonymous_3)
FNDA:0,(anonymous_4)
FNDA:0,(anonymous_5)
DA:1,5
DA:2,5
DA:4,5
DA:6,5
DA:7,0
DA:9,0
DA:12,5
DA:13,0
DA:14,0
DA:15,0
DA:18,5
DA:19,0
DA:20,0
DA:21,0
DA:22,0
DA:24,0
DA:27,5
DA:28,0
DA:31,5
DA:32,0
DA:35,5
LF:21
LH:9
BRF:0
BRH:0
end_of_record
TN:
SF:src/modules/albums/album.route.js
FNF:0
FNH:0
DA:1,4
DA:2,4
DA:3,4
DA:5,4
DA:7,4
DA:9,4
DA:11,4
DA:13,4
DA:15,4
LF:9
LH:9
BRF:0
BRH:0
end_of_record
TN:
SF:src/modules/albums/album.service.js
FN:5,(anonymous_0)
FN:19,(anonymous_1)
FN:28,(anonymous_2)
FN:36,(anonymous_3)
FN:45,(anonymous_4)
FN:59,(anonymous_5)
FNF:6
FNH:0
FNDA:0,(anonymous_0)
FNDA:0,(anonymous_1)
FNDA:0,(anonymous_2)
FNDA:0,(anonymous_3)
FNDA:0,(anonymous_4)
FNDA:0,(anonymous_5)
DA:1,5
DA:2,5
DA:3,5
DA:5,5
DA:6,0
DA:7,0
DA:8,0
DA:9,0
DA:12,0
DA:13,0
DA:15,0
DA:19,5
DA:20,0
DA:21,0
DA:22,0
DA:24,0
DA:28,5
DA:29,0
DA:30,0
DA:32,0
DA:36,5
DA:37,0
DA:38,0
DA:39,0
DA:41,0
DA:45,5
DA:46,0
DA:47,0
DA:49,0
DA:50,0
DA:51,0
DA:52,0
DA:53,0
DA:55,0
DA:59,5
DA:60,0
DA:61,0
DA:63,0
DA:67,5
LF:39
LH:10
BRDA:8,0,0,0
BRDA:8,0,1,0
BRDA:12,1,0,0
BRDA:12,1,1,0
BRDA:46,2,0,0
BRDA:46,2,1,0
BRF:6
BRH:0
end_of_record
TN:
SF:src/modules/authentication/auth.controller.js
FN:5,(anonymous_0)
FN:21,(anonymous_1)
FN:30,(anonymous_2)
FNF:3
FNH:3
FNDA:2,(anonymous_0)
FNDA:3,(anonymous_1)
FNDA:3,(anonymous_2)
DA:1,4
DA:2,4
DA:3,4
DA:5,4
DA:6,2
DA:8,2
DA:9,2
DA:10,2
DA:11,2
DA:13,1
DA:15,1
DA:17,1
DA:21,4
DA:22,3
DA:23,3
DA:24,1
DA:26,2
DA:30,4
DA:31,3
DA:32,3
DA:33,2
DA:35,1
DA:39,4
LF:23
LH:23
BRF:0
BRH:0
end_of_record
TN:
SF:src/modules/authentication/auth.route.js
FNF:0
FNH:0
DA:1,4
DA:2,4
DA:3,4
DA:5,4
DA:7,4
DA:9,4
DA:11,4
DA:13,4
LF:8
LH:8
BRF:0
BRH:0
end_of_record
TN:
SF:src/modules/authentication/auth.service.js
FN:9,activeUser
FN:21,(anonymous_1)
FN:28,verifyForgotPassword
FN:43,createNewUser
FN:57,(anonymous_4)
FN:73,(anonymous_5)
FN:82,createAccessToken
FN:87,userLogin
FN:98,jwtDecoded
FNF:9
FNH:0
FNDA:0,activeUser
FNDA:0,(anonymous_1)
FNDA:0,verifyForgotPassword
FNDA:0,createNewUser
FNDA:0,(anonymous_4)
FNDA:0,(anonymous_5)
FNDA:0,createAccessToken
FNDA:0,userLogin
FNDA:0,jwtDecoded
DA:1,4
DA:2,4
DA:3,4
DA:4,4
DA:5,4
DA:6,4
DA:7,4
DA:10,0
DA:11,0
DA:12,0
DA:13,0
DA:14,0
DA:15,0
DA:17,0
DA:21,4
DA:22,0
DA:23,0
DA:24,0
DA:29,0
DA:30,0
DA:31,0
DA:32,0
DA:33,0
DA:34,0
DA:35,0
DA:37,0
DA:38,0
DA:39,0
DA:40,0
DA:44,0
DA:45,0
DA:46,0
DA:47,0
DA:48,0
DA:49,0
DA:51,0
DA:53,0
DA:57,4
DA:58,0
DA:59,0
DA:60,0
DA:61,0
DA:62,0
DA:64,0
DA:66,0
DA:67,0
DA:69,0
DA:73,4
DA:74,0
DA:75,0
DA:76,0
DA:78,0
DA:83,0
DA:84,0
DA:88,0
DA:89,0
DA:90,0
DA:91,0
DA:92,0
DA:94,0
DA:99,0
DA:102,4
LF:62
LH:11
BRDA:12,0,0,0
BRDA:12,0,1,0
BRDA:14,1,0,0
BRDA:14,1,1,0
BRDA:23,2,0,0
BRDA:23,2,1,0
BRDA:32,3,0,0
BRDA:32,3,1,0
BRDA:34,4,0,0
BRDA:34,4,1,0
BRDA:48,5,0,0
BRDA:48,5,1,0
BRDA:61,6,0,0
BRDA:61,6,1,0
BRDA:66,7,0,0
BRDA:66,7,1,0
BRDA:89,8,0,0
BRDA:89,8,1,0
BRF:18
BRH:0
end_of_record
TN:
SF:src/modules/authentication/auth.validation.js
FN:12,(anonymous_0)
FN:27,(anonymous_1)
FNF:2
FNH:2
FNDA:2,(anonymous_0)
FNDA:3,(anonymous_1)
DA:2,4
DA:3,4
DA:5,4
DA:12,4
DA:13,2
DA:14,2
DA:15,2
DA:16,2
DA:21,2
DA:23,0
DA:27,4
DA:28,3
DA:29,3
DA:30,3
DA:35,3
DA:37,0
DA:41,4
LF:17
LH:15
BRF:0
BRH:0
end_of_record
TN:
SF:src/modules/photos/photo.controller.js
FN:4,(anonymous_0)
FN:12,(anonymous_1)
FN:21,(anonymous_2)
FN:34,(anonymous_3)
FN:43,(anonymous_4)
FNF:5
FNH:0
FNDA:0,(anonymous_0)
FNDA:0,(anonymous_1)
FNDA:0,(anonymous_2)
FNDA:0,(anonymous_3)
FNDA:0,(anonymous_4)
DA:1,4
DA:2,4
DA:4,4
DA:5,0
DA:6,0
DA:8,0
DA:12,4
DA:13,0
DA:14,0
DA:15,0
DA:17,0
DA:21,4
DA:22,0
DA:23,0
DA:24,0
DA:25,0
DA:26,0
DA:27,0
DA:28,0
DA:30,0
DA:34,4
DA:35,0
DA:36,0
DA:37,0
DA:39,0
DA:43,4
DA:44,0
DA:45,0
DA:46,0
DA:48,0
DA:52,4
LF:31
LH:8
BRF:0
BRH:0
end_of_record
TN:
SF:src/modules/photos/photo.model.js
FNF:0
FNH:0
DA:1,4
DA:3,4
DA:4,4
DA:15,4
DA:16,4
LF:5
LH:5
BRF:0
BRH:0
end_of_record
TN:
SF:src/modules/photos/photo.repository.js
FN:4,(anonymous_0)
FN:9,(anonymous_1)
FN:14,(anonymous_2)
FN:16,(anonymous_3)
FN:21,(anonymous_4)
FN:26,(anonymous_5)
FN:32,(anonymous_6)
FN:37,(anonymous_7)
FN:42,(anonymous_8)
FN:47,(anonymous_9)
FNF:10
FNH:0
FNDA:0,(anonymous_0)
FNDA:0,(anonymous_1)
FNDA:0,(anonymous_2)
FNDA:0,(anonymous_3)
FNDA:0,(anonymous_4)
FNDA:0,(anonymous_5)
FNDA:0,(anonymous_6)
FNDA:0,(anonymous_7)
FNDA:0,(anonymous_8)
FNDA:0,(anonymous_9)
DA:1,4
DA:2,4
DA:4,4
DA:5,0
DA:6,0
DA:9,4
DA:10,0
DA:11,0
DA:14,4
DA:15,0
DA:16,0
DA:17,0
DA:21,4
DA:22,0
DA:23,0
DA:26,4
DA:27,0
DA:28,0
DA:29,0
DA:32,4
DA:33,0
DA:34,0
DA:37,4
DA:38,0
DA:39,0
DA:42,4
DA:43,0
DA:44,0
DA:47,4
DA:48,0
DA:49,0
DA:50,0
DA:53,4
LF:33
LH:12
BRDA:17,0,0,0
BRDA:17,0,1,0
BRF:2
BRH:0
end_of_record
TN:
SF:src/modules/photos/photo.route.js
FNF:0
FNH:0
DA:1,4
DA:2,4
DA:3,4
DA:5,4
DA:7,4
DA:9,4
DA:11,4
DA:13,4
DA:15,4
DA:17,4
LF:10
LH:10
BRF:0
BRH:0
end_of_record
TN:
SF:src/modules/photos/photo.service.js
FN:5,(anonymous_0)
FN:8,(anonymous_1)
FN:11,(anonymous_2)
FN:18,(anonymous_3)
FN:34,(anonymous_4)
FN:45,(anonymous_5)
FN:56,(anonymous_6)
FN:70,(anonymous_7)
FN:83,(anonymous_8)
FN:88,(anonymous_9)
FNF:10
FNH:0
FNDA:0,(anonymous_0)
FNDA:0,(anonymous_1)
FNDA:0,(anonymous_2)
FNDA:0,(anonymous_3)
FNDA:0,(anonymous_4)
FNDA:0,(anonymous_5)
FNDA:0,(anonymous_6)
FNDA:0,(anonymous_7)
FNDA:0,(anonymous_8)
FNDA:0,(anonymous_9)
DA:1,4
DA:2,4
DA:3,4
DA:5,4
DA:6,0
DA:7,0
DA:9,0
DA:12,0
DA:16,0
DA:17,0
DA:18,0
DA:19,0
DA:20,0
DA:21,0
DA:22,0
DA:27,0
DA:30,0
DA:34,4
DA:35,0
DA:36,0
DA:37,0
DA:38,0
DA:41,0
DA:45,4
DA:46,0
DA:47,0
DA:48,0
DA:49,0
DA:51,0
DA:52,0
DA:56,4
DA:57,0
DA:58,0
DA:59,0
DA:60,0
DA:61,0
DA:63,0
DA:66,0
DA:70,4
DA:71,0
DA:72,0
DA:73,0
DA:74,0
DA:75,0
DA:76,0
DA:79,0
DA:83,4
DA:84,0
DA:85,0
DA:88,4
DA:89,0
DA:90,0
DA:91,0
DA:93,4
LF:54
LH:11
BRDA:37,0,0,0
BRDA:37,0,1,0
BRDA:58,1,0,0
BRDA:58,1,1,0
BRDA:75,2,0,0
BRDA:75,2,1,0
BRF:6
BRH:0
end_of_record
TN:
SF:src/modules/users/user.controller.js
FN:4,(anonymous_0)
FN:13,(anonymous_1)
FN:22,(anonymous_2)
FN:31,(anonymous_3)
FN:40,(anonymous_4)
FNF:5
FNH:5
FNDA:2,(anonymous_0)
FNDA:2,(anonymous_1)
FNDA:2,(anonymous_2)
FNDA:2,(anonymous_3)
FNDA:2,(anonymous_4)
DA:1,4
DA:2,4
DA:4,4
DA:5,2
DA:6,2
DA:7,1
DA:9,1
DA:13,4
DA:14,2
DA:15,2
DA:16,1
DA:18,1
DA:22,4
DA:23,2
DA:24,2
DA:25,1
DA:27,1
DA:31,4
DA:32,2
DA:33,2
DA:34,1
DA:36,1
DA:40,4
DA:41,2
DA:42,2
DA:43,1
DA:45,1
DA:49,4
LF:28
LH:28
BRF:0
BRH:0
end_of_record
TN:
SF:src/modules/users/user.model.js
FNF:0
FNH:0
DA:1,12
DA:3,12
DA:4,12
DA:30,12
DA:31,12
LF:5
LH:5
BRF:0
BRH:0
end_of_record
TN:
SF:src/modules/users/user.repository.js
FN:4,findUserInfo
FN:9,checkExistAcc
FN:14,checkExistUsername
FN:19,addTokenForUser
FN:23,updateParam
FN:31,createNewUser
FN:37,checkActiveUser
FN:42,activeUser
FNF:8
FNH:0
FNDA:0,findUserInfo
FNDA:0,checkExistAcc
FNDA:0,checkExistUsername
FNDA:0,addTokenForUser
FNDA:0,updateParam
FNDA:0,createNewUser
FNDA:0,checkActiveUser
FNDA:0,activeUser
DA:1,12
DA:2,12
DA:5,0
DA:6,0
DA:10,0
DA:11,0
DA:15,0
DA:16,0
DA:20,0
DA:24,0
DA:25,0
DA:27,0
DA:32,0
DA:33,0
DA:34,0
DA:38,0
DA:39,0
DA:43,0
DA:52,12
LF:19
LH:3
BRF:0
BRH:0
end_of_record
TN:
SF:src/modules/users/user.route.js
FNF:0
FNH:0
DA:1,4
DA:2,4
DA:3,4
DA:5,4
DA:7,4
DA:9,4
DA:11,4
DA:13,4
DA:15,4
DA:17,4
LF:10
LH:10
BRF:0
BRH:0
end_of_record
TN:
SF:src/modules/users/user.service.js
FN:6,showInfo
FN:18,forgotPassword
FN:27,changePassword
FN:52,changeInfo
FNF:4
FNH:0
FNDA:0,showInfo
FNDA:0,forgotPassword
FNDA:0,changePassword
FNDA:0,changeInfo
DA:1,4
DA:2,4
DA:3,4
DA:4,4
DA:7,0
DA:8,0
DA:15,0
DA:19,0
DA:20,0
DA:21,0
DA:22,0
DA:24,0
DA:28,0
DA:29,0
DA:30,0
DA:32,0
DA:33,0
DA:34,0
DA:35,0
DA:36,0
DA:37,0
DA:38,0
DA:39,0
DA:40,0
DA:42,0
DA:45,0
DA:46,0
DA:48,0
DA:53,0
DA:54,0
DA:55,0
DA:56,0
DA:58,0
DA:60,0
DA:61,0
DA:62,0
DA:64,0
DA:68,4
LF:38
LH:5
BRDA:21,0,0,0
BRDA:21,0,1,0
BRDA:35,1,0,0
BRDA:35,1,1,0
BRDA:37,2,0,0
BRDA:37,2,1,0
BRDA:39,3,0,0
BRDA:39,3,1,0
BRDA:45,4,0,0
BRDA:45,4,1,0
BRDA:55,5,0,0
BRDA:55,5,1,0
BRDA:55,6,0,0
BRDA:55,6,1,0
BRDA:61,7,0,0
BRDA:61,7,1,0
BRF:16
BRH:0
end_of_record
TN:
SF:src/modules/users-albums/user-album.controller.js
FN:3,(anonymous_0)
FN:12,(anonymous_1)
FNF:2
FNH:2
FNDA:2,(anonymous_0)
FNDA:2,(anonymous_1)
DA:1,4
DA:3,4
DA:4,2
DA:5,2
DA:6,1
DA:8,1
DA:12,4
DA:13,2
DA:14,2
DA:15,1
DA:17,1
DA:20,4
LF:12
LH:12
BRF:0
BRH:0
end_of_record
TN:
SF:src/modules/users-albums/user-album.model.js
FNF:0
FNH:0
DA:1,7
DA:3,7
DA:4,7
DA:13,7
DA:14,7
LF:5
LH:5
BRF:0
BRH:0
end_of_record
TN:
SF:src/modules/users-albums/user-album.repository.js
FN:3,(anonymous_0)
FN:9,(anonymous_1)
FN:15,(anonymous_2)
FN:19,(anonymous_3)
FN:24,(anonymous_4)
FN:29,(anonymous_5)
FNF:6
FNH:0
FNDA:0,(anonymous_0)
FNDA:0,(anonymous_1)
FNDA:0,(anonymous_2)
FNDA:0,(anonymous_3)
FNDA:0,(anonymous_4)
FNDA:0,(anonymous_5)
DA:1,7
DA:3,7
DA:4,0
DA:5,0
DA:6,0
DA:9,7
DA:10,0
DA:11,0
DA:12,0
DA:15,7
DA:16,0
DA:19,7
DA:20,0
DA:21,0
DA:24,7
DA:25,0
DA:26,0
DA:29,7
DA:30,0
DA:33,7
LF:20
LH:8
BRF:0
BRH:0
end_of_record
TN:
SF:src/modules/users-albums/user-album.route.js
FNF:0
FNH:0
DA:1,4
DA:2,4
DA:3,4
DA:5,4
DA:7,4
DA:9,4
DA:11,4
LF:7
LH:7
BRF:0
BRH:0
end_of_record
TN:
SF:src/modules/users-albums/user-album.service.js
FN:6,(anonymous_0)
FN:14,(anonymous_1)
FN:30,(anonymous_2)
FN:45,(anonymous_3)
FN:66,(anonymous_4)
FN:88,(anonymous_5)
FNF:6
FNH:0
FNDA:0,(anonymous_0)
FNDA:0,(anonymous_1)
FNDA:0,(anonymous_2)
FNDA:0,(anonymous_3)
FNDA:0,(anonymous_4)
FNDA:0,(anonymous_5)
DA:1,4
DA:2,4
DA:3,4
DA:4,4
DA:6,4
DA:7,0
DA:8,0
DA:10,0
DA:14,4
DA:15,0
DA:16,0
DA:17,0
DA:18,0
DA:21,0
DA:22,0
DA:24,0
DA:30,4
DA:31,0
DA:32,0
DA:33,0
DA:34,0
DA:37,0
DA:38,0
DA:40,0
DA:45,4
DA:46,0
DA:47,0
DA:48,0
DA:49,0
DA:50,0
DA:51,0
DA:52,0
DA:54,0
DA:55,0
DA:56,0
DA:58,0
DA:59,0
DA:61,0
DA:66,4
DA:67,0
DA:68,0
DA:69,0
DA:70,0
DA:72,0
DA:73,0
DA:74,0
DA:75,0
DA:76,0
DA:78,0
DA:80,0
DA:81,0
DA:83,0
DA:88,4
DA:89,0
DA:90,0
DA:92,0
DA:93,0
DA:95,0
DA:100,4
LF:59
LH:11
BRDA:17,0,0,0
BRDA:17,0,1,0
BRDA:21,1,0,0
BRDA:21,1,1,0
BRDA:33,2,0,0
BRDA:33,2,1,0
BRDA:37,3,0,0
BRDA:37,3,1,0
BRDA:51,4,0,0
BRDA:51,4,1,0
BRDA:58,5,0,0
BRDA:58,5,1,0
BRDA:69,6,0,0
BRDA:69,6,1,0
BRDA:75,7,0,0
BRDA:75,7,1,0
BRDA:80,8,0,0
BRDA:80,8,1,0
BRDA:92,9,0,0
BRDA:92,9,1,0
BRF:20
BRH:0
end_of_record
